[2019-03-29 18:30:03][F80fN7BLVZS20HnIFXkkwVZ8R0AvDJKn] Processing: App\Jobs\DomainCheckJob
[2019-03-29 18:30:03][MeBOay8SriOLnWlWtkmJEEif7izTjHjg] Processing: App\Jobs\DomainCheckJob
[2019-03-29 18:30:03][i0n1vlpkf4Gao6IDtAtfdJduOdCzKk7L] Processing: App\Jobs\DomainCheckJob
[2019-03-29 18:30:05][MeBOay8SriOLnWlWtkmJEEif7izTjHjg] Processed:  App\Jobs\DomainCheckJob
[2019-03-29 18:30:05][F80fN7BLVZS20HnIFXkkwVZ8R0AvDJKn] Processed:  App\Jobs\DomainCheckJob
[2019-03-29 18:30:05][i0n1vlpkf4Gao6IDtAtfdJduOdCzKk7L] Processed:  App\Jobs\DomainCheckJob
[2019-03-29 18:40:05][PMnS4p2oFESt2JB9aBUOULd0dtJ0OT2L] Processing: App\Jobs\DomainCheckJob
[2019-03-29 18:40:05][LcovcsZl82PLrodACjzfispKepy7Em1A] Processing: App\Jobs\DomainCheckJob
[2019-03-29 18:40:06][8ireKu77oNLsDP0cuXduC3lh8Jwxm4PW] Processing: App\Jobs\DomainCheckJob
[2019-03-29 18:40:07][LcovcsZl82PLrodACjzfispKepy7Em1A] Processed:  App\Jobs\DomainCheckJob
[2019-03-29 18:40:07][7SWBqWpkQJNvxS7tfpOTthVmq2GlbVil] Processing: App\Jobs\DomainCheckJob
[2019-03-29 18:40:07][PMnS4p2oFESt2JB9aBUOULd0dtJ0OT2L] Processed:  App\Jobs\DomainCheckJob
[2019-03-29 18:40:08][7SWBqWpkQJNvxS7tfpOTthVmq2GlbVil] Processed:  App\Jobs\DomainCheckJob
[2019-03-29 18:40:08][8ireKu77oNLsDP0cuXduC3lh8Jwxm4PW] Processed:  App\Jobs\DomainCheckJob
[2019-03-29 19:10:04][7fbjN6TBhWB0Mxe9ucW3ezxyu7zcaJch] Processing: App\Jobs\DomainCheckJob
[2019-03-29 19:10:05][7fbjN6TBhWB0Mxe9ucW3ezxyu7zcaJch] Processed:  App\Jobs\DomainCheckJob
[2019-03-29 19:10:05][IdCCcRbvejiIeMsrhu8ysZzfSZWdvGU0] Processing: App\Jobs\DomainCheckJob
[2019-03-29 19:10:05][IdCCcRbvejiIeMsrhu8ysZzfSZWdvGU0] Processed:  App\Jobs\DomainCheckJob
[2019-03-29 19:20:04][BhgBzURStWtWPpCzHxSKRAxzu49HYj83] Processing: App\Jobs\DomainCheckJob
[2019-03-29 19:20:04][BhgBzURStWtWPpCzHxSKRAxzu49HYj83] Processed:  App\Jobs\DomainCheckJob
[2019-03-29 19:30:04][SlceNdAMpcp4DGtq76Uy0iGbbBSTujtl] Processing: App\Jobs\DomainCheckJob
[2019-03-29 19:30:05][SlceNdAMpcp4DGtq76Uy0iGbbBSTujtl] Processed:  App\Jobs\DomainCheckJob
[2019-04-03 16:20:05][LyIqAgRFHQBSLhBv15yv4asxL8TXfRMJ] Processing: App\Jobs\DomainCheckJob
[2019-04-03 16:20:06][hNXIpWSRB29AMw3bJRjnlZKg7HGxd1r7] Processing: App\Jobs\DomainCheckJob
[2019-04-03 16:20:06][0nOash29TIFtaJex2lCmfj3OEF5y2ruV] Processing: App\Jobs\DomainCheckJob
[2019-04-03 16:20:17][0nOash29TIFtaJex2lCmfj3OEF5y2ruV] Processed:  App\Jobs\DomainCheckJob
[2019-04-03 16:20:17][LyIqAgRFHQBSLhBv15yv4asxL8TXfRMJ] Processed:  App\Jobs\DomainCheckJob
[2019-04-03 16:20:18][hNXIpWSRB29AMw3bJRjnlZKg7HGxd1r7] Processed:  App\Jobs\DomainCheckJob
[2019-04-03 16:30:03][BPJ3QGyNahRRppJ7EGhyMYxJ33qZGMvD] Processing: App\Jobs\DomainCheckJob
[2019-04-03 16:30:03][OYBq3cQ7fm0WfqeBJf7KZuK5PZEke02u] Processing: App\Jobs\DomainCheckJob
[2019-04-03 16:30:04][uv9IluayguFRiXxstQEcqdLRUAr0Ul5Z] Processing: App\Jobs\DomainCheckJob
[2019-04-03 16:30:05][BPJ3QGyNahRRppJ7EGhyMYxJ33qZGMvD] Processed:  App\Jobs\DomainCheckJob
[2019-04-03 16:30:05][OYBq3cQ7fm0WfqeBJf7KZuK5PZEke02u] Processed:  App\Jobs\DomainCheckJob
[2019-04-03 16:30:06][uv9IluayguFRiXxstQEcqdLRUAr0Ul5Z] Processed:  App\Jobs\DomainCheckJob
[2019-04-03 16:40:04][dgAomskXsoiHXZLEy7yPi0ggolToI7j5] Processing: App\Jobs\DomainCheckJob
[2019-04-03 16:40:04][gM5RKen006o4gYj5fGMbmyjfo28bTyaq] Processing: App\Jobs\DomainCheckJob
[2019-04-03 16:40:04][5RxfiisK71O5UuwYcLT7Mz9ixFdIHmur] Processing: App\Jobs\DomainCheckJob
[2019-04-03 16:40:05][Bu0tn7Tchrja2wJHmz8YkzvKDAe47Bu9] Processing: App\Jobs\DomainCheckJob
[2019-04-03 16:40:06][gM5RKen006o4gYj5fGMbmyjfo28bTyaq] Processed:  App\Jobs\DomainCheckJob
[2019-04-03 16:40:06][5RxfiisK71O5UuwYcLT7Mz9ixFdIHmur] Processed:  App\Jobs\DomainCheckJob
[2019-04-03 16:40:06][Bu0tn7Tchrja2wJHmz8YkzvKDAe47Bu9] Processed:  App\Jobs\DomainCheckJob
[2019-04-03 16:41:34][dgAomskXsoiHXZLEy7yPi0ggolToI7j5] Processing: App\Jobs\DomainCheckJob
[2019-04-03 16:41:35][dgAomskXsoiHXZLEy7yPi0ggolToI7j5] Processed:  App\Jobs\DomainCheckJob
[2019-04-03 16:50:03][Qyyu4NNgjNdzQlb12T8qliWjSTVFWEQ4] Processing: App\Jobs\DomainCheckJob
[2019-04-03 16:50:03][Qyyu4NNgjNdzQlb12T8qliWjSTVFWEQ4] Processed:  App\Jobs\DomainCheckJob
[2019-04-03 16:50:03][MCBw1Go6LuqJGDgcy68yf8qOwR6zcPcv] Processing: App\Jobs\DomainCheckJob
[2019-04-03 16:50:04][MCBw1Go6LuqJGDgcy68yf8qOwR6zcPcv] Processed:  App\Jobs\DomainCheckJob
[2019-04-03 16:50:04][ZH5TvPtGtpkX707hZIszcK2bXWI1DWGB] Processing: App\Jobs\DomainCheckJob
[2019-04-03 16:50:04][ZH5TvPtGtpkX707hZIszcK2bXWI1DWGB] Processed:  App\Jobs\DomainCheckJob
[2019-04-03 17:00:04][jRRjpcpb3YUZToBYrweXEIrsviJWvUsk] Processing: App\Jobs\DomainCheckJob
[2019-04-03 17:00:04][jRRjpcpb3YUZToBYrweXEIrsviJWvUsk] Processed:  App\Jobs\DomainCheckJob
[2019-04-03 17:00:04][LbPl5MaXOa85t652GNU6123cXrEx0Npt] Processing: App\Jobs\DomainCheckJob
[2019-04-03 17:00:04][LbPl5MaXOa85t652GNU6123cXrEx0Npt] Processed:  App\Jobs\DomainCheckJob
[2019-04-03 17:00:04][p1dlcwxRRH211YoyG9cUj6Gui7JAsWZp] Processing: App\Jobs\DomainCheckJob
[2019-04-03 17:00:06][p1dlcwxRRH211YoyG9cUj6Gui7JAsWZp] Processed:  App\Jobs\DomainCheckJob
[2019-04-03 17:10:03][hx617aFHV9QPNODV9Gbr7zEzSyZEQ7mB] Processing: App\Jobs\DomainCheckJob
[2019-04-03 17:10:03][bAyGzzkNoZN5H4qGVdtDQk1LTFgglTU9] Processing: App\Jobs\DomainCheckJob
[2019-04-03 17:10:03][hx617aFHV9QPNODV9Gbr7zEzSyZEQ7mB] Processed:  App\Jobs\DomainCheckJob
[2019-04-03 17:10:03][d1vTRTg11t52OejI3Vq5bhxQaf8DZK0c] Processing: App\Jobs\DomainCheckJob
[2019-04-03 17:10:03][d1vTRTg11t52OejI3Vq5bhxQaf8DZK0c] Processed:  App\Jobs\DomainCheckJob
[2019-04-03 17:10:05][bAyGzzkNoZN5H4qGVdtDQk1LTFgglTU9] Processed:  App\Jobs\DomainCheckJob
[2019-04-03 17:20:03][KQlIRRrUqTCeTUs5iTJ67Tt2hQU4VVPT] Processing: App\Jobs\DomainCheckJob
[2019-04-03 17:20:03][KQlIRRrUqTCeTUs5iTJ67Tt2hQU4VVPT] Processed:  App\Jobs\DomainCheckJob
[2019-04-03 17:20:03][cNoPyi0UUkPNFYZBPAMTnME9fT4afZgp] Processing: App\Jobs\DomainCheckJob
[2019-04-03 17:20:03][cNoPyi0UUkPNFYZBPAMTnME9fT4afZgp] Processed:  App\Jobs\DomainCheckJob
[2019-04-03 17:20:03][qF1E5wEah0zNaUe5aEIgThbPPd3j7wYt] Processing: App\Jobs\DomainCheckJob
[2019-04-03 17:20:05][qF1E5wEah0zNaUe5aEIgThbPPd3j7wYt] Processed:  App\Jobs\DomainCheckJob
[2019-04-03 17:30:06][A6UBc4sIR8elQMN7bkS1MPcRrbABj3ca] Processing: App\Jobs\DomainCheckJob
[2019-04-03 17:30:06][A6UBc4sIR8elQMN7bkS1MPcRrbABj3ca] Processed:  App\Jobs\DomainCheckJob
[2019-04-03 17:30:06][byNMQHkUokIcTcvSDw0Aot64OF4oOZcQ] Processing: App\Jobs\DomainCheckJob
[2019-04-03 17:30:06][byNMQHkUokIcTcvSDw0Aot64OF4oOZcQ] Processed:  App\Jobs\DomainCheckJob
[2019-04-03 17:30:06][sHul4QlWRBLniVt9acBA7EyS4bAoTaHm] Processing: App\Jobs\DomainCheckJob
[2019-04-03 17:30:08][sHul4QlWRBLniVt9acBA7EyS4bAoTaHm] Processed:  App\Jobs\DomainCheckJob
[2019-04-03 17:40:04][jX75gUd2qLqAyctCbzXRWqp0hB3ZIgSV] Processing: App\Jobs\DomainCheckJob
[2019-04-03 17:40:04][J8ICQrPqkjN6K2H0nmusHrGMDyODupcD] Processing: App\Jobs\DomainCheckJob
[2019-04-03 17:40:04][J8ICQrPqkjN6K2H0nmusHrGMDyODupcD] Processed:  App\Jobs\DomainCheckJob
[2019-04-03 17:40:04][Semcigor4MwiJgX0f6n4SfFG1pigp5oy] Processing: App\Jobs\DomainCheckJob
[2019-04-03 17:40:04][Semcigor4MwiJgX0f6n4SfFG1pigp5oy] Processed:  App\Jobs\DomainCheckJob
[2019-04-03 17:40:05][jX75gUd2qLqAyctCbzXRWqp0hB3ZIgSV] Processed:  App\Jobs\DomainCheckJob
[2019-04-03 17:50:04][52JkYj2PEgipoC0ocsFF8WtthLoYZqin] Processing: App\Jobs\DomainCheckJob
[2019-04-03 17:50:05][52JkYj2PEgipoC0ocsFF8WtthLoYZqin] Processed:  App\Jobs\DomainCheckJob
[2019-04-03 17:50:05][jvsqTbJfSO1YaAILX6LPzqtqQKrZA9jv] Processing: App\Jobs\DomainCheckJob
[2019-04-03 17:50:05][1Y7eobTVXOFaTtlfX5UquthID8StY05h] Processing: App\Jobs\DomainCheckJob
[2019-04-03 17:50:05][1Y7eobTVXOFaTtlfX5UquthID8StY05h] Processed:  App\Jobs\DomainCheckJob
[2019-04-03 17:50:06][jvsqTbJfSO1YaAILX6LPzqtqQKrZA9jv] Processed:  App\Jobs\DomainCheckJob
[2019-04-03 18:00:05][T6VCXkbgqHpG9pZHGElNleaCWLZKsAPX] Processing: App\Jobs\DomainCheckJob
[2019-04-03 18:00:06][38vLUWHPuB4ZNmVwMLrcnFRq9k1Lolly] Processing: App\Jobs\DomainCheckJob
[2019-04-03 18:00:06][38vLUWHPuB4ZNmVwMLrcnFRq9k1Lolly] Processed:  App\Jobs\DomainCheckJob
[2019-04-03 18:00:06][YbX0KQ3wmUhkQ58x3XvDqpL1OhLhRloI] Processing: App\Jobs\DomainCheckJob
[2019-04-03 18:00:06][T6VCXkbgqHpG9pZHGElNleaCWLZKsAPX] Processed:  App\Jobs\DomainCheckJob
[2019-04-03 18:00:07][YbX0KQ3wmUhkQ58x3XvDqpL1OhLhRloI] Processed:  App\Jobs\DomainCheckJob
[2019-04-04 00:00:05][JllZ9sw7sxAhOSfAhG4EjL6eKaAlGs8P] Processing: App\Jobs\DomainCheckJob
[2019-04-04 00:00:05][MWUaz8vzVbzEv4lngrd50PC8i7VpuKO8] Processing: App\Jobs\DomainCheckJob
[2019-04-04 00:00:06][8KWXRCfwAbMnKlw382FfDoxMRxPCNXHz] Processing: App\Jobs\DomainCheckJob
[2019-04-04 00:00:07][JllZ9sw7sxAhOSfAhG4EjL6eKaAlGs8P] Processed:  App\Jobs\DomainCheckJob
[2019-04-04 00:00:07][MWUaz8vzVbzEv4lngrd50PC8i7VpuKO8] Processed:  App\Jobs\DomainCheckJob
[2019-04-04 00:00:07][8KWXRCfwAbMnKlw382FfDoxMRxPCNXHz] Processed:  App\Jobs\DomainCheckJob
[2019-04-04 00:10:04][BMThMLGZGvVcYCcWT8eDEn9sEtPzLnEb] Processing: App\Jobs\DomainCheckJob
[2019-04-04 00:10:04][BMThMLGZGvVcYCcWT8eDEn9sEtPzLnEb] Processed:  App\Jobs\DomainCheckJob
[2019-04-04 00:10:04][bZX1BMJBkZaHXQznm3aIHksJANyi9o3a] Processing: App\Jobs\DomainCheckJob
[2019-04-04 00:10:04][T3CnrrO46RXnzFXrO0S8xl9zd8aHvzb2] Processing: App\Jobs\DomainCheckJob
[2019-04-04 00:10:05][bZX1BMJBkZaHXQznm3aIHksJANyi9o3a] Processed:  App\Jobs\DomainCheckJob
[2019-04-04 00:10:06][T3CnrrO46RXnzFXrO0S8xl9zd8aHvzb2] Processed:  App\Jobs\DomainCheckJob
[2019-04-04 00:20:04][UaZwhIubjdnOxgfq8dFWWrsiaYy3Cyrg] Processing: App\Jobs\DomainCheckJob
[2019-04-04 00:20:04][UaZwhIubjdnOxgfq8dFWWrsiaYy3Cyrg] Processed:  App\Jobs\DomainCheckJob
[2019-04-04 00:20:04][FkcuCQxrz5CJ3OLAfVbvLQgUFAwNACcc] Processing: App\Jobs\DomainCheckJob
[2019-04-04 00:20:04][gw8qHAIarExiEKKy8Flebu7wo1ye3DCp] Processing: App\Jobs\DomainCheckJob
[2019-04-04 00:20:05][FkcuCQxrz5CJ3OLAfVbvLQgUFAwNACcc] Processed:  App\Jobs\DomainCheckJob
[2019-04-04 00:20:05][gw8qHAIarExiEKKy8Flebu7wo1ye3DCp] Processed:  App\Jobs\DomainCheckJob
[2019-04-04 00:30:04][2te2TU8pmmUmhjPiTHJ0zvUmzQwwCXF1] Processing: App\Jobs\DomainCheckJob
[2019-04-04 00:30:04][2te2TU8pmmUmhjPiTHJ0zvUmzQwwCXF1] Processed:  App\Jobs\DomainCheckJob
[2019-04-04 00:30:04][QyThFRQ2egJChj6FsPSyT2K1NgVoGy9t] Processing: App\Jobs\DomainCheckJob
[2019-04-04 00:30:05][QyThFRQ2egJChj6FsPSyT2K1NgVoGy9t] Processed:  App\Jobs\DomainCheckJob
[2019-04-04 00:30:05][RgbJYJSwH21q8xvq36j6jSqbby650tAn] Processing: App\Jobs\DomainCheckJob
[2019-04-04 00:30:07][RgbJYJSwH21q8xvq36j6jSqbby650tAn] Processed:  App\Jobs\DomainCheckJob
[2019-04-04 00:40:03][P9dXAap6lgrfahYonDEi3Ib8q0c3gWjH] Processing: App\Jobs\DomainCheckJob
[2019-04-04 00:40:03][P9dXAap6lgrfahYonDEi3Ib8q0c3gWjH] Processed:  App\Jobs\DomainCheckJob
[2019-04-04 00:40:03][fqAIMqoDx794mdtcqzvYeEmkfdzomW6Z] Processing: App\Jobs\DomainCheckJob
[2019-04-04 00:40:03][fqAIMqoDx794mdtcqzvYeEmkfdzomW6Z] Processed:  App\Jobs\DomainCheckJob
[2019-04-04 00:40:03][eoLI2pu6t3186rGQQai8opVRGD7t6UOK] Processing: App\Jobs\DomainCheckJob
[2019-04-04 00:40:03][eoLI2pu6t3186rGQQai8opVRGD7t6UOK] Processed:  App\Jobs\DomainCheckJob
[2019-04-04 00:50:03][7vaYNZnoIMLFjLOvTifajqOiNoySCBga] Processing: App\Jobs\DomainCheckJob
[2019-04-04 00:50:03][7vaYNZnoIMLFjLOvTifajqOiNoySCBga] Processed:  App\Jobs\DomainCheckJob
[2019-04-04 00:50:03][3IqQtreYo76AjJ5XBAJcwuLzM77aBnAU] Processing: App\Jobs\DomainCheckJob
[2019-04-04 00:50:03][3IqQtreYo76AjJ5XBAJcwuLzM77aBnAU] Processed:  App\Jobs\DomainCheckJob
[2019-04-04 00:50:03][0x3xM8PIvGI43Aa0FMOfJcvlvXhCaQ9Z] Processing: App\Jobs\DomainCheckJob
[2019-04-04 00:50:03][0x3xM8PIvGI43Aa0FMOfJcvlvXhCaQ9Z] Processed:  App\Jobs\DomainCheckJob
[2019-04-04 01:00:03][nId6r5CFS00sPjfmTD0w4eEX3SBzCrsK] Processing: App\Jobs\DomainCheckJob
[2019-04-04 01:00:04][N0ahO7clJEasNPsJzUxDHEiXIpsN0Ycd] Processing: App\Jobs\DomainCheckJob
[2019-04-04 01:00:04][nId6r5CFS00sPjfmTD0w4eEX3SBzCrsK] Processed:  App\Jobs\DomainCheckJob
[2019-04-04 01:00:04][ijqI0z1hOhT9I9OfB5b36vVj7b0vSlHM] Processing: App\Jobs\DomainCheckJob
[2019-04-04 01:00:04][ijqI0z1hOhT9I9OfB5b36vVj7b0vSlHM] Processed:  App\Jobs\DomainCheckJob
[2019-04-04 01:00:04][N0ahO7clJEasNPsJzUxDHEiXIpsN0Ycd] Processed:  App\Jobs\DomainCheckJob
[2019-04-04 01:10:06][DfLSGBTrFzpc4PHHXST9v6dK2meoyAju] Processing: App\Jobs\DomainCheckJob
[2019-04-04 01:10:06][0slDSW2bve3C0TRdQ8J7aqklXaL2Z2U3] Processing: App\Jobs\DomainCheckJob
[2019-04-04 01:10:06][0slDSW2bve3C0TRdQ8J7aqklXaL2Z2U3] Processed:  App\Jobs\DomainCheckJob
[2019-04-04 01:10:09][JVtUikdBNW9F1GokLYGKXBk3IuC8C48d] Processing: App\Jobs\DomainCheckJob
[2019-04-04 01:10:09][JVtUikdBNW9F1GokLYGKXBk3IuC8C48d] Processed:  App\Jobs\DomainCheckJob
[2019-04-04 01:10:12][DfLSGBTrFzpc4PHHXST9v6dK2meoyAju] Processed:  App\Jobs\DomainCheckJob
[2019-04-04 01:20:04][3VPZBOWNM3mdoZS3cgB8eqQ6rBgdajbn] Processing: App\Jobs\DomainCheckJob
[2019-04-04 01:20:04][mClV2tlj0If6v6RRAEvIBwwwMCfMlHAQ] Processing: App\Jobs\DomainCheckJob
[2019-04-04 01:20:04][mClV2tlj0If6v6RRAEvIBwwwMCfMlHAQ] Processed:  App\Jobs\DomainCheckJob
[2019-04-04 01:20:04][NiihMmZsD5kcjrpaxmF7SrGzGkJCaJX1] Processing: App\Jobs\DomainCheckJob
[2019-04-04 01:20:04][NiihMmZsD5kcjrpaxmF7SrGzGkJCaJX1] Processed:  App\Jobs\DomainCheckJob
[2019-04-04 01:20:04][3VPZBOWNM3mdoZS3cgB8eqQ6rBgdajbn] Processed:  App\Jobs\DomainCheckJob
[2019-04-04 01:30:06][6r0WSnrvynx5BhsBtMGoFx61hVJuLHzw] Processing: App\Jobs\DomainCheckJob
[2019-04-04 01:30:06][6r0WSnrvynx5BhsBtMGoFx61hVJuLHzw] Processed:  App\Jobs\DomainCheckJob
[2019-04-04 01:30:06][h3dEyLjPdDWn0EOKBwu6cZWM57ivx4BW] Processing: App\Jobs\DomainCheckJob
[2019-04-04 01:30:06][h3dEyLjPdDWn0EOKBwu6cZWM57ivx4BW] Processed:  App\Jobs\DomainCheckJob
[2019-04-04 01:30:06][CYsRtQ0pbxMSM1Sotu0jnorIvzuCHWPA] Processing: App\Jobs\DomainCheckJob
[2019-04-04 01:30:06][CYsRtQ0pbxMSM1Sotu0jnorIvzuCHWPA] Processed:  App\Jobs\DomainCheckJob
[2019-04-04 01:40:04][CXVo2OVI3snMO5OHeAYXw6Eqa6Pbbj8h] Processing: App\Jobs\DomainCheckJob
[2019-04-04 01:40:04][CXVo2OVI3snMO5OHeAYXw6Eqa6Pbbj8h] Processed:  App\Jobs\DomainCheckJob
[2019-04-04 01:40:04][AWEiZyCurzyP4DZwKBs6rCqA2zzdfPpo] Processing: App\Jobs\DomainCheckJob
[2019-04-04 01:40:04][AWEiZyCurzyP4DZwKBs6rCqA2zzdfPpo] Processed:  App\Jobs\DomainCheckJob
[2019-04-04 01:40:04][zu942EdvZgBvCKX7fHbl3IvFAKL1qxhP] Processing: App\Jobs\DomainCheckJob
[2019-04-04 01:40:04][zu942EdvZgBvCKX7fHbl3IvFAKL1qxhP] Processed:  App\Jobs\DomainCheckJob
[2019-04-04 01:50:11][FcmXTqBvCjDG1Wf3I41yGHhAeHWjlV43] Processing: App\Jobs\DomainCheckJob
[2019-04-04 01:50:11][FcmXTqBvCjDG1Wf3I41yGHhAeHWjlV43] Processed:  App\Jobs\DomainCheckJob
[2019-04-04 01:50:11][HJygDLVvGaTg2mbFQkfrFZ9qERfE6aTn] Processing: App\Jobs\DomainCheckJob
[2019-04-04 01:50:11][HJygDLVvGaTg2mbFQkfrFZ9qERfE6aTn] Processed:  App\Jobs\DomainCheckJob
[2019-04-04 01:50:11][otPWqHNeexd9is3lv9bS4wt8ZKyT71ib] Processing: App\Jobs\DomainCheckJob
[2019-04-04 01:50:11][otPWqHNeexd9is3lv9bS4wt8ZKyT71ib] Processed:  App\Jobs\DomainCheckJob
[2019-04-04 02:00:06][c4RnwqzsJCfITPQqwyczIYS9Dnq8z9jh] Processing: App\Jobs\DomainCheckJob
[2019-04-04 02:00:06][c4RnwqzsJCfITPQqwyczIYS9Dnq8z9jh] Processed:  App\Jobs\DomainCheckJob
[2019-04-04 02:00:06][vUo73KnWqKP5Dr62GyoN4QZ27pXo8vXW] Processing: App\Jobs\DomainCheckJob
[2019-04-04 02:00:06][vUo73KnWqKP5Dr62GyoN4QZ27pXo8vXW] Processed:  App\Jobs\DomainCheckJob
[2019-04-04 02:00:06][EYtACOsWdpgtXnxBkdgWgGTahqgc4U56] Processing: App\Jobs\DomainCheckJob
[2019-04-04 02:00:06][EYtACOsWdpgtXnxBkdgWgGTahqgc4U56] Processed:  App\Jobs\DomainCheckJob
[2019-04-04 02:10:08][f8Mu4MsdB6QAjW1JXCSyTMM0xIf4hpSP] Processing: App\Jobs\DomainCheckJob
[2019-04-04 02:10:08][f8Mu4MsdB6QAjW1JXCSyTMM0xIf4hpSP] Processed:  App\Jobs\DomainCheckJob
[2019-04-04 02:10:08][RmwhrrDZWGGTiDb9faI92DqJGnnsvUL2] Processing: App\Jobs\DomainCheckJob
[2019-04-04 02:10:08][RmwhrrDZWGGTiDb9faI92DqJGnnsvUL2] Processed:  App\Jobs\DomainCheckJob
[2019-04-04 02:10:08][EcZRFWI0ljg3mRiCRMgA0uP4ukzHKp16] Processing: App\Jobs\DomainCheckJob
[2019-04-04 02:10:08][EcZRFWI0ljg3mRiCRMgA0uP4ukzHKp16] Processed:  App\Jobs\DomainCheckJob
[2019-04-04 02:20:05][TgnP2WAECrPvTK9f0KMmEZ5nx1PcR612] Processing: App\Jobs\DomainCheckJob
[2019-04-04 02:20:05][TgnP2WAECrPvTK9f0KMmEZ5nx1PcR612] Processed:  App\Jobs\DomainCheckJob
[2019-04-04 02:20:05][rO1MX6bD03hFUQldk72UA08PRyrXkPvM] Processing: App\Jobs\DomainCheckJob
[2019-04-04 02:20:05][rO1MX6bD03hFUQldk72UA08PRyrXkPvM] Processed:  App\Jobs\DomainCheckJob
[2019-04-04 02:20:05][01rBTiRZ1YI1hG26MRPm50Pvi6kZZrzv] Processing: App\Jobs\DomainCheckJob
[2019-04-04 02:20:05][01rBTiRZ1YI1hG26MRPm50Pvi6kZZrzv] Processed:  App\Jobs\DomainCheckJob
[2019-04-04 02:30:04][LclkC4tfdt5zPVjj0jVTCrodTXf7avWB] Processing: App\Jobs\DomainCheckJob
[2019-04-04 02:30:04][LclkC4tfdt5zPVjj0jVTCrodTXf7avWB] Processed:  App\Jobs\DomainCheckJob
[2019-04-04 02:30:04][YFqp4oJOKVQdiC41LqDeudyOSECXabDz] Processing: App\Jobs\DomainCheckJob
[2019-04-04 02:30:04][YFqp4oJOKVQdiC41LqDeudyOSECXabDz] Processed:  App\Jobs\DomainCheckJob
[2019-04-04 02:30:04][orMpHXt0p8TFqe57hjFZr6U614nVgCna] Processing: App\Jobs\DomainCheckJob
[2019-04-04 02:30:04][orMpHXt0p8TFqe57hjFZr6U614nVgCna] Processed:  App\Jobs\DomainCheckJob
[2019-04-04 02:40:04][uIf8bCCUDxdWoyghi2KCKY3923pqQ3NN] Processing: App\Jobs\DomainCheckJob
[2019-04-04 02:40:04][uIf8bCCUDxdWoyghi2KCKY3923pqQ3NN] Processed:  App\Jobs\DomainCheckJob
[2019-04-04 02:40:04][7Zj9IvvP8UzjJhzTdwrIYdeUDPXKWJrE] Processing: App\Jobs\DomainCheckJob
[2019-04-04 02:40:04][7Zj9IvvP8UzjJhzTdwrIYdeUDPXKWJrE] Processed:  App\Jobs\DomainCheckJob
[2019-04-04 02:40:04][2LFyszgSNdZe1b7atbK7nw1aKMWh0FgI] Processing: App\Jobs\DomainCheckJob
[2019-04-04 02:40:04][2LFyszgSNdZe1b7atbK7nw1aKMWh0FgI] Processed:  App\Jobs\DomainCheckJob
[2019-04-04 02:50:04][Z8FqYcSbeemmPjwMpROp5QL5zn6hZkqv] Processing: App\Jobs\DomainCheckJob
[2019-04-04 02:50:04][STNVerVwDKKiCZTgelQvX464oF76lh8x] Processing: App\Jobs\DomainCheckJob
[2019-04-04 02:50:04][STNVerVwDKKiCZTgelQvX464oF76lh8x] Processed:  App\Jobs\DomainCheckJob
[2019-04-04 02:50:04][nscvbLX5VrEbBkfvDd8PRdsGRrPRtxsZ] Processing: App\Jobs\DomainCheckJob
[2019-04-04 02:50:04][Z8FqYcSbeemmPjwMpROp5QL5zn6hZkqv] Processed:  App\Jobs\DomainCheckJob
[2019-04-04 02:50:04][nscvbLX5VrEbBkfvDd8PRdsGRrPRtxsZ] Processed:  App\Jobs\DomainCheckJob
[2019-04-04 03:00:04][3jPX4a4JPXvSkk5VcYkVZF1AXqFxUeFZ] Processing: App\Jobs\DomainCheckJob
[2019-04-04 03:00:04][3jPX4a4JPXvSkk5VcYkVZF1AXqFxUeFZ] Processed:  App\Jobs\DomainCheckJob
[2019-04-04 03:00:04][ELnTDOyylIGbYigk4KZ2nnWY0X9ZAgE6] Processing: App\Jobs\DomainCheckJob
[2019-04-04 03:00:04][ELnTDOyylIGbYigk4KZ2nnWY0X9ZAgE6] Processed:  App\Jobs\DomainCheckJob
[2019-04-04 03:00:04][MdF5fQNEwIpxE9nxaco7FijZg3jx9RKv] Processing: App\Jobs\DomainCheckJob
[2019-04-04 03:00:04][MdF5fQNEwIpxE9nxaco7FijZg3jx9RKv] Processed:  App\Jobs\DomainCheckJob
[2019-04-04 03:10:04][eoLu2lwYJAnavIPdyD6walWXmglW6rb2] Processing: App\Jobs\DomainCheckJob
[2019-04-04 03:10:04][UO1TM1uc9AiutQCH8sLzPMK0h3cq5HIz] Processing: App\Jobs\DomainCheckJob
[2019-04-04 03:10:04][eoLu2lwYJAnavIPdyD6walWXmglW6rb2] Processed:  App\Jobs\DomainCheckJob
[2019-04-04 03:10:04][HN1bRcVO7Fe7VDMLFkFbj1UsGhUrwLwq] Processing: App\Jobs\DomainCheckJob
[2019-04-04 03:10:04][HN1bRcVO7Fe7VDMLFkFbj1UsGhUrwLwq] Processed:  App\Jobs\DomainCheckJob
[2019-04-04 03:10:04][UO1TM1uc9AiutQCH8sLzPMK0h3cq5HIz] Processed:  App\Jobs\DomainCheckJob
[2019-04-04 03:20:03][OOzZMzPYbKKKUJPFCNm0EWrcOm397XXp] Processing: App\Jobs\DomainCheckJob
[2019-04-04 03:20:03][OOzZMzPYbKKKUJPFCNm0EWrcOm397XXp] Processed:  App\Jobs\DomainCheckJob
[2019-04-04 03:20:03][XsVyD9GgKhbz51GTDbBJvffY0DvVVJis] Processing: App\Jobs\DomainCheckJob
[2019-04-04 03:20:03][XsVyD9GgKhbz51GTDbBJvffY0DvVVJis] Processed:  App\Jobs\DomainCheckJob
[2019-04-04 03:20:03][luCQNjuFzp3FK6zjAVElEXtRfe5Z33th] Processing: App\Jobs\DomainCheckJob
[2019-04-04 03:20:04][luCQNjuFzp3FK6zjAVElEXtRfe5Z33th] Processed:  App\Jobs\DomainCheckJob
[2019-04-04 03:30:03][mgpz8tUJ9c3ZSFc4IeKBiYdwZ8ijlky2] Processing: App\Jobs\DomainCheckJob
[2019-04-04 03:30:03][mgpz8tUJ9c3ZSFc4IeKBiYdwZ8ijlky2] Processed:  App\Jobs\DomainCheckJob
[2019-04-04 03:30:03][350CKjVkLDqMHLljZ2igVp6cANO8CB1V] Processing: App\Jobs\DomainCheckJob
[2019-04-04 03:30:03][350CKjVkLDqMHLljZ2igVp6cANO8CB1V] Processed:  App\Jobs\DomainCheckJob
[2019-04-04 03:30:03][ki5tVIc1NdQ5DPw4hya2xR6A5E56YymG] Processing: App\Jobs\DomainCheckJob
[2019-04-04 03:30:03][ki5tVIc1NdQ5DPw4hya2xR6A5E56YymG] Processed:  App\Jobs\DomainCheckJob
[2019-04-04 03:40:04][fUKNaIX2FjBzHVfy4gjm5eBcq0oXGx2W] Processing: App\Jobs\DomainCheckJob
[2019-04-04 03:40:04][fUKNaIX2FjBzHVfy4gjm5eBcq0oXGx2W] Processed:  App\Jobs\DomainCheckJob
[2019-04-04 03:40:04][7pXsrKgyaEId8H9JXL313OPcEEcKSxbe] Processing: App\Jobs\DomainCheckJob
[2019-04-04 03:40:04][7pXsrKgyaEId8H9JXL313OPcEEcKSxbe] Processed:  App\Jobs\DomainCheckJob
[2019-04-04 03:40:04][M0FfRSSxYaxLpGkrGZxZlFKQllYkVGpj] Processing: App\Jobs\DomainCheckJob
[2019-04-04 03:40:04][M0FfRSSxYaxLpGkrGZxZlFKQllYkVGpj] Processed:  App\Jobs\DomainCheckJob
[2019-04-04 03:50:04][qScxPNcQzNlX00bnLqK31RurAL8nag1q] Processing: App\Jobs\DomainCheckJob
[2019-04-04 03:50:04][qScxPNcQzNlX00bnLqK31RurAL8nag1q] Processed:  App\Jobs\DomainCheckJob
[2019-04-04 03:50:04][Mt7hCJivSgv68PAMmkUBQqjiQHdzOYNI] Processing: App\Jobs\DomainCheckJob
[2019-04-04 03:50:04][Mt7hCJivSgv68PAMmkUBQqjiQHdzOYNI] Processed:  App\Jobs\DomainCheckJob
[2019-04-04 03:50:04][OExvVetKC9yGSOcpo5xc0JchfTC486q0] Processing: App\Jobs\DomainCheckJob
[2019-04-04 03:50:04][OExvVetKC9yGSOcpo5xc0JchfTC486q0] Processed:  App\Jobs\DomainCheckJob
[2019-04-04 04:00:06][qyXOvW4UJLEZHnfaBz2d1cvEsRGPCgRs] Processing: App\Jobs\DomainCheckJob
[2019-04-04 04:00:06][UA6iDbsRBBlRoTzKcW6nO68aYAI0YBNH] Processing: App\Jobs\DomainCheckJob
[2019-04-04 04:00:06][UA6iDbsRBBlRoTzKcW6nO68aYAI0YBNH] Processed:  App\Jobs\DomainCheckJob
[2019-04-04 04:00:06][gS1IEMBAWf5D5dJl54KTas1p1vdWbR4U] Processing: App\Jobs\DomainCheckJob
[2019-04-04 04:00:06][qyXOvW4UJLEZHnfaBz2d1cvEsRGPCgRs] Processed:  App\Jobs\DomainCheckJob
[2019-04-04 04:00:06][gS1IEMBAWf5D5dJl54KTas1p1vdWbR4U] Processed:  App\Jobs\DomainCheckJob
[2019-04-05 06:20:06][dF9DO4UaK1WdRnqBChxQiq8rU5cHg8P6] Processing: App\Jobs\DomainCheckJob
[2019-04-05 06:20:08][dF9DO4UaK1WdRnqBChxQiq8rU5cHg8P6] Processed:  App\Jobs\DomainCheckJob
[2019-04-05 06:20:08][uvC25SX7pVKGJKORElfhK1g3eWIT9LVQ] Processing: App\Jobs\DomainCheckJob
[2019-04-05 06:20:09][uvC25SX7pVKGJKORElfhK1g3eWIT9LVQ] Processed:  App\Jobs\DomainCheckJob
[2019-04-05 06:20:09][k6Gv88T8q1Sajt5D6nhPJnsDhMihPwsD] Processing: App\Jobs\DomainCheckJob
[2019-04-05 06:20:09][k6Gv88T8q1Sajt5D6nhPJnsDhMihPwsD] Processed:  App\Jobs\DomainCheckJob
[2019-04-05 06:30:03][iERvBVTdVqAGjqxut8FbFBSOmBFbGe6K] Processing: App\Jobs\DomainCheckJob
[2019-04-05 06:30:03][CriKAIBN29Oe1iI0k3Vv1oZGCWqOFIs7] Processing: App\Jobs\DomainCheckJob
[2019-04-05 06:30:04][iERvBVTdVqAGjqxut8FbFBSOmBFbGe6K] Processed:  App\Jobs\DomainCheckJob
[2019-04-05 06:30:05][CriKAIBN29Oe1iI0k3Vv1oZGCWqOFIs7] Processed:  App\Jobs\DomainCheckJob
[2019-04-05 06:30:05][Kodxg8x9U9mBi4azlQA0mAtQfbmSzYy5] Processing: App\Jobs\DomainCheckJob
[2019-04-05 06:30:06][Kodxg8x9U9mBi4azlQA0mAtQfbmSzYy5] Processed:  App\Jobs\DomainCheckJob
[2019-04-05 06:40:04][jxfiZN86eGT7NkQo7ZZFrZxuTZOfXUDv] Processing: App\Jobs\DomainCheckJob
[2019-04-05 06:40:05][CTAtr2PldV1OhAVAsri5D7ELJqbg7hON] Processing: App\Jobs\DomainCheckJob
[2019-04-05 06:40:05][c8j7Af0cqc9GvPbhfPyj0I96uW1ZkuOq] Processing: App\Jobs\DomainCheckJob
[2019-04-05 06:40:05][CTAtr2PldV1OhAVAsri5D7ELJqbg7hON] Processed:  App\Jobs\DomainCheckJob
[2019-04-05 06:40:05][jxfiZN86eGT7NkQo7ZZFrZxuTZOfXUDv] Processed:  App\Jobs\DomainCheckJob
[2019-04-05 06:40:05][c8j7Af0cqc9GvPbhfPyj0I96uW1ZkuOq] Processed:  App\Jobs\DomainCheckJob
[2019-04-05 06:50:04][FC4Ol4F5jkS3xwi5fVKhMMBTERkMhL89] Processing: App\Jobs\DomainCheckJob
[2019-04-05 06:50:05][EbPEvPm3DtuIbc40mQjVZdSUNzB61oNN] Processing: App\Jobs\DomainCheckJob
[2019-04-05 06:50:05][FC4Ol4F5jkS3xwi5fVKhMMBTERkMhL89] Processed:  App\Jobs\DomainCheckJob
[2019-04-05 06:50:05][XPVwtGsGnOSSNHZ5GTLRcjVT0iEpFNua] Processing: App\Jobs\DomainCheckJob
[2019-04-05 06:50:06][XPVwtGsGnOSSNHZ5GTLRcjVT0iEpFNua] Processed:  App\Jobs\DomainCheckJob
[2019-04-05 06:50:06][EbPEvPm3DtuIbc40mQjVZdSUNzB61oNN] Processed:  App\Jobs\DomainCheckJob
[2019-04-05 07:00:05][H04DklFqdUpFiaicnNGRyC2lMu9vTbPs] Processing: App\Jobs\DomainCheckJob
[2019-04-05 07:00:05][eRH38U9snLzyzriuGpAaODg2tobvVgM4] Processing: App\Jobs\DomainCheckJob
[2019-04-05 07:00:06][H04DklFqdUpFiaicnNGRyC2lMu9vTbPs] Processed:  App\Jobs\DomainCheckJob
[2019-04-05 07:00:06][UeK3mhxdJLKOBK4FHw7z32E6be2mNtpE] Processing: App\Jobs\DomainCheckJob
[2019-04-05 07:00:08][UeK3mhxdJLKOBK4FHw7z32E6be2mNtpE] Processed:  App\Jobs\DomainCheckJob
[2019-04-05 07:00:10][eRH38U9snLzyzriuGpAaODg2tobvVgM4] Processed:  App\Jobs\DomainCheckJob
[2019-04-05 07:10:03][kva7gQE64fqwclLqbMir3rxtY5opiXuI] Processing: App\Jobs\DomainCheckJob
[2019-04-05 07:10:04][kva7gQE64fqwclLqbMir3rxtY5opiXuI] Processed:  App\Jobs\DomainCheckJob
[2019-04-05 07:10:04][JpoMhXNMeZly6KCl1pONE3NIO2UmipLB] Processing: App\Jobs\DomainCheckJob
[2019-04-05 07:10:05][VMUWm3ilGeh36JZ0NxrGKvS4DXixqLzU] Processing: App\Jobs\DomainCheckJob
[2019-04-05 07:10:05][JpoMhXNMeZly6KCl1pONE3NIO2UmipLB] Processed:  App\Jobs\DomainCheckJob
[2019-04-05 07:10:06][VMUWm3ilGeh36JZ0NxrGKvS4DXixqLzU] Processed:  App\Jobs\DomainCheckJob
[2019-04-05 07:20:03][xMpjClhnPoyd8HcdjkbxXYlGVqObCfON] Processing: App\Jobs\DomainCheckJob
[2019-04-05 07:20:03][J7kzU0kpWwoKbfT9QODGTwDfpBxXmyCm] Processing: App\Jobs\DomainCheckJob
[2019-04-05 07:20:04][xMpjClhnPoyd8HcdjkbxXYlGVqObCfON] Processed:  App\Jobs\DomainCheckJob
[2019-04-05 07:20:04][PwdfTKAfDkSqWjgAfYYYCLwBLGd7hLKx] Processing: App\Jobs\DomainCheckJob
[2019-04-05 07:20:04][J7kzU0kpWwoKbfT9QODGTwDfpBxXmyCm] Processed:  App\Jobs\DomainCheckJob
[2019-04-05 07:20:05][PwdfTKAfDkSqWjgAfYYYCLwBLGd7hLKx] Processed:  App\Jobs\DomainCheckJob
[2019-04-05 07:30:05][SxdRDIRQ5dNHFipHpgEf9Zlt0HQvGYcw] Processing: App\Jobs\DomainCheckJob
[2019-04-05 07:30:05][LYoTghhHdX5hNXJ8xq5iok4UZqHzBJCe] Processing: App\Jobs\DomainCheckJob
[2019-04-05 07:30:05][j50JK6Gp8pL0YcE4H0L14wJ7jHnDqmiN] Processing: App\Jobs\DomainCheckJob
[2019-04-05 07:30:05][SxdRDIRQ5dNHFipHpgEf9Zlt0HQvGYcw] Processed:  App\Jobs\DomainCheckJob
[2019-04-05 07:30:06][j50JK6Gp8pL0YcE4H0L14wJ7jHnDqmiN] Processed:  App\Jobs\DomainCheckJob
[2019-04-05 07:30:06][LYoTghhHdX5hNXJ8xq5iok4UZqHzBJCe] Processed:  App\Jobs\DomainCheckJob
[2019-04-05 07:40:03][VzMCwM8RIwZeqGfcXjzhO41GhPV6UmqI] Processing: App\Jobs\DomainCheckJob
[2019-04-05 07:40:04][9jFTM95jwo3VVb8ZDJVSBIagF7rt8dN0] Processing: App\Jobs\DomainCheckJob
[2019-04-05 07:40:04][gMhRUzqDWed6YSBrGqdEzDRgHKqNRS2g] Processing: App\Jobs\DomainCheckJob
[2019-04-05 07:40:04][VzMCwM8RIwZeqGfcXjzhO41GhPV6UmqI] Processed:  App\Jobs\DomainCheckJob
[2019-04-05 07:40:05][gMhRUzqDWed6YSBrGqdEzDRgHKqNRS2g] Processed:  App\Jobs\DomainCheckJob
[2019-04-05 07:40:06][9jFTM95jwo3VVb8ZDJVSBIagF7rt8dN0] Processed:  App\Jobs\DomainCheckJob
[2019-04-05 07:50:04][ZkFUW7PpwkriGFUTVpuW1VtmPwYSNkSc] Processing: App\Jobs\DomainCheckJob
[2019-04-05 07:50:04][H23dSE7FEpkWXmnF5fsFVJXilYoHexC4] Processing: App\Jobs\DomainCheckJob
[2019-04-05 07:50:04][ZkFUW7PpwkriGFUTVpuW1VtmPwYSNkSc] Processed:  App\Jobs\DomainCheckJob
[2019-04-05 07:50:04][CK8QWafHM22zSJk6QIgLp6GIoR8l6oNe] Processing: App\Jobs\DomainCheckJob
[2019-04-05 07:50:05][H23dSE7FEpkWXmnF5fsFVJXilYoHexC4] Processed:  App\Jobs\DomainCheckJob
[2019-04-05 07:50:05][CK8QWafHM22zSJk6QIgLp6GIoR8l6oNe] Processed:  App\Jobs\DomainCheckJob
[2019-04-05 08:00:04][VDangOn70WDnXmquaW5J1p8OfbjBBuHI] Processing: App\Jobs\DomainCheckJob
[2019-04-05 08:00:05][7Oaj7fdWzDkVRVgHrlntjBmN4xrDBjXL] Processing: App\Jobs\DomainCheckJob
[2019-04-05 08:00:05][7Oaj7fdWzDkVRVgHrlntjBmN4xrDBjXL] Processed:  App\Jobs\DomainCheckJob
[2019-04-05 08:00:05][1218ZHUwcZ1eZ0YSsQ6jQezdghhMJ68A] Processing: App\Jobs\DomainCheckJob
[2019-04-05 08:00:06][1218ZHUwcZ1eZ0YSsQ6jQezdghhMJ68A] Processed:  App\Jobs\DomainCheckJob
[2019-04-05 08:00:06][VDangOn70WDnXmquaW5J1p8OfbjBBuHI] Processed:  App\Jobs\DomainCheckJob
[2019-04-05 08:10:03][xdedZuJiwu0WfULEbyCehdHLPcYj9MT1] Processing: App\Jobs\DomainCheckJob
[2019-04-05 08:10:04][07dkx0Mpxl7bEOaSP85UjXq4LcJ7BYwd] Processing: App\Jobs\DomainCheckJob
[2019-04-05 08:10:04][8bMdhrNAnuql3C0okpIt5rxUDdheGQ8p] Processing: App\Jobs\DomainCheckJob
[2019-04-05 08:10:05][07dkx0Mpxl7bEOaSP85UjXq4LcJ7BYwd] Processed:  App\Jobs\DomainCheckJob
[2019-04-05 08:10:05][xdedZuJiwu0WfULEbyCehdHLPcYj9MT1] Processed:  App\Jobs\DomainCheckJob
[2019-04-05 08:10:05][8bMdhrNAnuql3C0okpIt5rxUDdheGQ8p] Processed:  App\Jobs\DomainCheckJob
[2019-04-05 08:20:04][RQltuYy9AkUMgFLHmo6iuoeYUZXNRQgZ] Processing: App\Jobs\DomainCheckJob
[2019-04-05 08:20:04][RVoA2IvBquHtuePpwGRjmnLwdWp2vBbL] Processing: App\Jobs\DomainCheckJob
[2019-04-05 08:20:04][1pNMZEjUtvBytqENevsYynjdhu82gi9L] Processing: App\Jobs\DomainCheckJob
[2019-04-05 08:20:05][RVoA2IvBquHtuePpwGRjmnLwdWp2vBbL] Processed:  App\Jobs\DomainCheckJob
[2019-04-05 08:20:05][1pNMZEjUtvBytqENevsYynjdhu82gi9L] Processed:  App\Jobs\DomainCheckJob
[2019-04-05 08:20:05][RQltuYy9AkUMgFLHmo6iuoeYUZXNRQgZ] Processed:  App\Jobs\DomainCheckJob
[2019-04-05 08:30:03][1AEq3Vr97w8ekz8xerAQE8HpWuIzU6tY] Processing: App\Jobs\DomainCheckJob
[2019-04-05 08:30:04][fUrjTG2MGwNhAfIe8FquDilYAz2HooE8] Processing: App\Jobs\DomainCheckJob
[2019-04-05 08:30:05][1AEq3Vr97w8ekz8xerAQE8HpWuIzU6tY] Processed:  App\Jobs\DomainCheckJob
[2019-04-05 08:30:05][W9mjXmY8uVv9astjdVi7Uncn9l7hxuBA] Processing: App\Jobs\DomainCheckJob
[2019-04-05 08:30:05][fUrjTG2MGwNhAfIe8FquDilYAz2HooE8] Processed:  App\Jobs\DomainCheckJob
[2019-04-05 08:30:05][W9mjXmY8uVv9astjdVi7Uncn9l7hxuBA] Processed:  App\Jobs\DomainCheckJob
[2019-04-05 08:40:03][nBa00wiHODz9JtwC6oNUaXVKaCwyfrAI] Processing: App\Jobs\DomainCheckJob
[2019-04-05 08:40:04][nBa00wiHODz9JtwC6oNUaXVKaCwyfrAI] Processed:  App\Jobs\DomainCheckJob
[2019-04-05 08:40:04][AlxjSzZUpZ6TUocL2D6cOMO08wr2SAHc] Processing: App\Jobs\DomainCheckJob
[2019-04-05 08:40:05][SoY2SORQYfYBtraYzS7hyb753v0OiKwi] Processing: App\Jobs\DomainCheckJob
[2019-04-05 08:40:05][AlxjSzZUpZ6TUocL2D6cOMO08wr2SAHc] Processed:  App\Jobs\DomainCheckJob
[2019-04-05 08:40:06][SoY2SORQYfYBtraYzS7hyb753v0OiKwi] Processed:  App\Jobs\DomainCheckJob
[2019-04-05 08:50:03][0ZoUzYsF7F8pNLCjEpsyQyiVf3ovh4Rc] Processing: App\Jobs\DomainCheckJob
[2019-04-05 08:50:03][gry48oaJJZq8szZ1J9lvjG2yABZrFh9L] Processing: App\Jobs\DomainCheckJob
[2019-04-05 08:50:04][0ZoUzYsF7F8pNLCjEpsyQyiVf3ovh4Rc] Processed:  App\Jobs\DomainCheckJob
[2019-04-05 08:50:04][IGCFhYGQSlljxVj9ENpFoZty2wZkIgJW] Processing: App\Jobs\DomainCheckJob
[2019-04-05 08:50:04][gry48oaJJZq8szZ1J9lvjG2yABZrFh9L] Processed:  App\Jobs\DomainCheckJob
[2019-04-05 08:50:05][IGCFhYGQSlljxVj9ENpFoZty2wZkIgJW] Processed:  App\Jobs\DomainCheckJob
[2019-04-05 09:00:03][55dZ4AfnSTAktvOgksEMTix7ld6svLhn] Processing: App\Jobs\DomainCheckJob
[2019-04-05 09:00:03][zHzw8swsaH81FuxWL0SVE9HbLnRiIDVN] Processing: App\Jobs\DomainCheckJob
[2019-04-05 09:00:03][BaJpMk3O3ws0ks3MgXzEa1FgHnf5EJzg] Processing: App\Jobs\DomainCheckJob
[2019-04-05 09:00:05][zHzw8swsaH81FuxWL0SVE9HbLnRiIDVN] Processed:  App\Jobs\DomainCheckJob
[2019-04-05 09:00:05][55dZ4AfnSTAktvOgksEMTix7ld6svLhn] Processed:  App\Jobs\DomainCheckJob
[2019-04-05 09:00:05][BaJpMk3O3ws0ks3MgXzEa1FgHnf5EJzg] Processed:  App\Jobs\DomainCheckJob
[2019-04-05 09:10:04][nYN9QZEC6J3Ni97ZQJXGKEdU1XiHoC3H] Processing: App\Jobs\DomainCheckJob
[2019-04-05 09:10:04][3qp5ezhqY7De2rC6kstSPOthKPYf5VLF] Processing: App\Jobs\DomainCheckJob
[2019-04-05 09:10:04][Qjb8MBTt8ohtZTdefBLD0q31KQhS65J8] Processing: App\Jobs\DomainCheckJob
[2019-04-05 09:10:05][nYN9QZEC6J3Ni97ZQJXGKEdU1XiHoC3H] Processed:  App\Jobs\DomainCheckJob
[2019-04-05 09:10:05][3qp5ezhqY7De2rC6kstSPOthKPYf5VLF] Processed:  App\Jobs\DomainCheckJob
[2019-04-05 09:10:06][Qjb8MBTt8ohtZTdefBLD0q31KQhS65J8] Processed:  App\Jobs\DomainCheckJob
[2019-04-05 09:20:03][XK6tvguonlsHqRfZ4S7VBflm9LGs5lxB] Processing: App\Jobs\DomainCheckJob
[2019-04-05 09:20:04][9CaDkCyBMWHGQ4ugZLerEKj6rNWaI0kF] Processing: App\Jobs\DomainCheckJob
[2019-04-05 09:20:04][XK6tvguonlsHqRfZ4S7VBflm9LGs5lxB] Processed:  App\Jobs\DomainCheckJob
[2019-04-05 09:20:05][lop0j5lwfDcOChhVjKLFUXwrlsRsDPvp] Processing: App\Jobs\DomainCheckJob
[2019-04-05 09:20:05][9CaDkCyBMWHGQ4ugZLerEKj6rNWaI0kF] Processed:  App\Jobs\DomainCheckJob
[2019-04-05 09:20:06][lop0j5lwfDcOChhVjKLFUXwrlsRsDPvp] Processed:  App\Jobs\DomainCheckJob
[2019-04-05 09:30:06][bUzZ7jYwymp8X6HW0P6u6D5JfboZz5Ie] Processing: App\Jobs\DomainCheckJob
[2019-04-05 09:30:06][pl36ciS4cFmy0RMxPNcaHkn8NGjnXenM] Processing: App\Jobs\DomainCheckJob
[2019-04-05 09:30:06][bUzZ7jYwymp8X6HW0P6u6D5JfboZz5Ie] Processed:  App\Jobs\DomainCheckJob
[2019-04-05 09:30:06][lyiSq2G46Hm2Fz7hYZDMauPn3wIiQVLh] Processing: App\Jobs\DomainCheckJob
[2019-04-05 09:30:07][pl36ciS4cFmy0RMxPNcaHkn8NGjnXenM] Processed:  App\Jobs\DomainCheckJob
[2019-04-05 09:30:07][lyiSq2G46Hm2Fz7hYZDMauPn3wIiQVLh] Processed:  App\Jobs\DomainCheckJob
[2019-04-05 09:40:03][UiLTGvK4rMdWuL60GDz2xr8pYE2mrlt4] Processing: App\Jobs\DomainCheckJob
[2019-04-05 09:40:04][a2nbbdqreDLYL1fBkAV4mnwCFR3JhZmR] Processing: App\Jobs\DomainCheckJob
[2019-04-05 09:40:04][9qWGCjopBNuUenetmEav3Q5G7yHVZSyd] Processing: App\Jobs\DomainCheckJob
[2019-04-05 09:40:04][UiLTGvK4rMdWuL60GDz2xr8pYE2mrlt4] Processed:  App\Jobs\DomainCheckJob
[2019-04-05 09:40:04][a2nbbdqreDLYL1fBkAV4mnwCFR3JhZmR] Processed:  App\Jobs\DomainCheckJob
[2019-04-05 09:40:05][9qWGCjopBNuUenetmEav3Q5G7yHVZSyd] Processed:  App\Jobs\DomainCheckJob
[2019-04-05 09:50:05][j7TjrGvG89w9yxIfNwA4cEDKxuDhvkoq] Processing: App\Jobs\DomainCheckJob
[2019-04-05 09:50:05][YFiWSHjEsXa4s31HkVVDsLo2cPNzEPHf] Processing: App\Jobs\DomainCheckJob
[2019-04-05 09:50:05][a4k7aUzxoZsntTMfIvvyuUUPh1I2kWxb] Processing: App\Jobs\DomainCheckJob
[2019-04-05 09:50:05][j7TjrGvG89w9yxIfNwA4cEDKxuDhvkoq] Processed:  App\Jobs\DomainCheckJob
[2019-04-05 09:50:06][a4k7aUzxoZsntTMfIvvyuUUPh1I2kWxb] Processed:  App\Jobs\DomainCheckJob
[2019-04-05 09:50:06][YFiWSHjEsXa4s31HkVVDsLo2cPNzEPHf] Processed:  App\Jobs\DomainCheckJob
[2019-04-05 10:00:06][4uysN85Fyi8XQ7SJNyQBsslqcqPnQm45] Processing: App\Jobs\DomainCheckJob
[2019-04-05 10:00:06][VUsD85bgU9XPpoO0mH9MwVvPoq0xFIwP] Processing: App\Jobs\DomainCheckJob
[2019-04-05 10:00:07][4uysN85Fyi8XQ7SJNyQBsslqcqPnQm45] Processed:  App\Jobs\DomainCheckJob
[2019-04-05 10:00:07][eMeGPCAg0ihC6RbKNRL2RmU1n9PlyVb7] Processing: App\Jobs\DomainCheckJob
[2019-04-05 10:00:07][VUsD85bgU9XPpoO0mH9MwVvPoq0xFIwP] Processed:  App\Jobs\DomainCheckJob
[2019-04-05 10:00:07][eMeGPCAg0ihC6RbKNRL2RmU1n9PlyVb7] Processed:  App\Jobs\DomainCheckJob
[2019-04-05 10:10:03][vUdzd3U04K9rf18TXlvM3uRo0syh2MMV] Processing: App\Jobs\DomainCheckJob
[2019-04-05 10:10:03][JAGOwOsqlTvu0jET808fTjBKNcQlCxSu] Processing: App\Jobs\DomainCheckJob
[2019-04-05 10:10:04][pjgKCsCFvL35PnzGm4wOfyIuPvmIfqW3] Processing: App\Jobs\DomainCheckJob
[2019-04-05 10:10:04][vUdzd3U04K9rf18TXlvM3uRo0syh2MMV] Processed:  App\Jobs\DomainCheckJob
[2019-04-05 10:10:04][JAGOwOsqlTvu0jET808fTjBKNcQlCxSu] Processed:  App\Jobs\DomainCheckJob
[2019-04-05 10:10:04][pjgKCsCFvL35PnzGm4wOfyIuPvmIfqW3] Processed:  App\Jobs\DomainCheckJob
[2019-04-05 10:20:04][kNzELLNlpsqwXvFKvXEomhmBiD3GF0hA] Processing: App\Jobs\DomainCheckJob
[2019-04-05 10:20:04][ftpWz22qoSJSeX50kWgV5Pyd0WUj6Tdn] Processing: App\Jobs\DomainCheckJob
[2019-04-05 10:20:05][kNzELLNlpsqwXvFKvXEomhmBiD3GF0hA] Processed:  App\Jobs\DomainCheckJob
[2019-04-05 10:20:05][B1tpyMVzbEHiBYxEKaOEUfHHMb86a0gX] Processing: App\Jobs\DomainCheckJob
[2019-04-05 10:20:06][B1tpyMVzbEHiBYxEKaOEUfHHMb86a0gX] Processed:  App\Jobs\DomainCheckJob
[2019-04-05 10:20:06][ftpWz22qoSJSeX50kWgV5Pyd0WUj6Tdn] Processed:  App\Jobs\DomainCheckJob
[2019-04-05 10:30:04][D6LbSCfLTMv47JGOdH7FgnuZwEIcUQLe] Processing: App\Jobs\DomainCheckJob
[2019-04-05 10:30:04][fuzfixnsfZMf7nCztOrdM9La4MCKw8H8] Processing: App\Jobs\DomainCheckJob
[2019-04-05 10:30:04][fuzfixnsfZMf7nCztOrdM9La4MCKw8H8] Processed:  App\Jobs\DomainCheckJob
[2019-04-05 10:30:04][BTr1mcwuHaFQJBPu473TPU8WpMc4KZAu] Processing: App\Jobs\DomainCheckJob
[2019-04-05 10:30:05][D6LbSCfLTMv47JGOdH7FgnuZwEIcUQLe] Processed:  App\Jobs\DomainCheckJob
[2019-04-05 10:30:05][BTr1mcwuHaFQJBPu473TPU8WpMc4KZAu] Processed:  App\Jobs\DomainCheckJob
[2019-04-05 10:40:04][tp4lvHFCw3mlSK8tEbSNfQpDyrPnoUA5] Processing: App\Jobs\DomainCheckJob
[2019-04-05 10:40:04][Ra9k3KIW0coPlTLQnwgPyx1WZveAtmLa] Processing: App\Jobs\DomainCheckJob
[2019-04-05 10:40:04][tp4lvHFCw3mlSK8tEbSNfQpDyrPnoUA5] Processed:  App\Jobs\DomainCheckJob
[2019-04-05 10:40:04][Ra9k3KIW0coPlTLQnwgPyx1WZveAtmLa] Processed:  App\Jobs\DomainCheckJob
[2019-04-05 10:40:04][AtiLoE4DJd39SIIe9ovPV96J2YpXhcws] Processing: App\Jobs\DomainCheckJob
[2019-04-05 10:40:06][AtiLoE4DJd39SIIe9ovPV96J2YpXhcws] Processed:  App\Jobs\DomainCheckJob
[2019-04-05 10:50:03][I8vZFFrOSTgSayZ0aSYQT4VdljwV7yXR] Processing: App\Jobs\DomainCheckJob
[2019-04-05 10:50:03][Fp1hQYoatb7yN90JYa9aZeEbxHZRO1XX] Processing: App\Jobs\DomainCheckJob
[2019-04-05 10:50:03][TrsXmW9tkZdWBMERwXto8ZYxgK6BOXZo] Processing: App\Jobs\DomainCheckJob
[2019-04-05 10:50:04][I8vZFFrOSTgSayZ0aSYQT4VdljwV7yXR] Processed:  App\Jobs\DomainCheckJob
[2019-04-05 10:50:04][Fp1hQYoatb7yN90JYa9aZeEbxHZRO1XX] Processed:  App\Jobs\DomainCheckJob
[2019-04-05 10:50:05][TrsXmW9tkZdWBMERwXto8ZYxgK6BOXZo] Processed:  App\Jobs\DomainCheckJob
[2019-04-05 11:00:03][IaIlAq4OgBCFGROKfJIJ8hu1IOL4sjj4] Processing: App\Jobs\DomainCheckJob
[2019-04-05 11:00:05][hQexem5dpNKjmOl1Pg1PsxFW7sOvrZdJ] Processing: App\Jobs\DomainCheckJob
[2019-04-05 11:00:05][ymVdTtsGwQ1fWhYOBQ8oPCl10GzIFHEY] Processing: App\Jobs\DomainCheckJob
[2019-04-05 11:00:06][IaIlAq4OgBCFGROKfJIJ8hu1IOL4sjj4] Processed:  App\Jobs\DomainCheckJob
[2019-04-05 11:00:06][ymVdTtsGwQ1fWhYOBQ8oPCl10GzIFHEY] Processed:  App\Jobs\DomainCheckJob
[2019-04-05 11:00:07][hQexem5dpNKjmOl1Pg1PsxFW7sOvrZdJ] Processed:  App\Jobs\DomainCheckJob
[2019-04-05 11:10:04][MaLB74TSILINcnTg59rqWVfTZ7VaxtsD] Processing: App\Jobs\DomainCheckJob
[2019-04-05 11:10:04][voJUakK7dPb0uh6GfaylZZy0vcUOOUWW] Processing: App\Jobs\DomainCheckJob
[2019-04-05 11:10:05][nkG9hmZm2YACDmhNIPxXga2q2u2inKze] Processing: App\Jobs\DomainCheckJob
[2019-04-05 11:10:05][MaLB74TSILINcnTg59rqWVfTZ7VaxtsD] Processed:  App\Jobs\DomainCheckJob
[2019-04-05 11:10:05][voJUakK7dPb0uh6GfaylZZy0vcUOOUWW] Processed:  App\Jobs\DomainCheckJob
[2019-04-05 11:10:06][nkG9hmZm2YACDmhNIPxXga2q2u2inKze] Processed:  App\Jobs\DomainCheckJob
[2019-04-05 11:20:04][3PSk4McNyFccH2NCIpn6KO7cjjS9i8Fa] Processing: App\Jobs\DomainCheckJob
[2019-04-05 11:20:05][3PSk4McNyFccH2NCIpn6KO7cjjS9i8Fa] Processed:  App\Jobs\DomainCheckJob
[2019-04-05 11:20:05][VBrAUEfqt6zGRhxCMl3SZWMyRjuCyIev] Processing: App\Jobs\DomainCheckJob
[2019-04-05 11:20:07][GGSRdGwYk3Kt97PGnSYQHN4dhE0gGRct] Processing: App\Jobs\DomainCheckJob
[2019-04-05 11:20:07][VBrAUEfqt6zGRhxCMl3SZWMyRjuCyIev] Processed:  App\Jobs\DomainCheckJob
[2019-04-05 11:20:07][GGSRdGwYk3Kt97PGnSYQHN4dhE0gGRct] Processed:  App\Jobs\DomainCheckJob
[2019-04-05 11:30:03][vUm3iaVqwUXT3kAoCet00eT45AYeLq3U] Processing: App\Jobs\DomainCheckJob
[2019-04-05 11:30:03][Yzw1fbSoAyHhqE5MPzxW9Pq16GhU5Cbc] Processing: App\Jobs\DomainCheckJob
[2019-04-05 11:30:03][6CTAHwU70OuSLIptbTpNvpY4bojmPUfE] Processing: App\Jobs\DomainCheckJob
[2019-04-05 11:30:04][Yzw1fbSoAyHhqE5MPzxW9Pq16GhU5Cbc] Processed:  App\Jobs\DomainCheckJob
[2019-04-05 11:30:05][vUm3iaVqwUXT3kAoCet00eT45AYeLq3U] Processed:  App\Jobs\DomainCheckJob
[2019-04-05 11:30:05][6CTAHwU70OuSLIptbTpNvpY4bojmPUfE] Processed:  App\Jobs\DomainCheckJob
[2019-04-07 07:50:39][102c6vTmE2CJ6l7ZZnRRnsrrf59sE8ag] Processing: App\Jobs\DomainCheckJob
[2019-04-07 07:50:39][7wYmyZtH1OmmyQ90CMcp482ptpGWoErW] Processing: App\Jobs\DomainCheckJob
[2019-04-07 07:50:39][C0pJzfgnNFFZuCOhg7zxgtGWdFzgEXgK] Processing: App\Jobs\DomainCheckJob
[2019-04-07 07:50:44][C0pJzfgnNFFZuCOhg7zxgtGWdFzgEXgK] Processed:  App\Jobs\DomainCheckJob
[2019-04-07 07:50:44][102c6vTmE2CJ6l7ZZnRRnsrrf59sE8ag] Processed:  App\Jobs\DomainCheckJob
[2019-04-07 07:50:45][7wYmyZtH1OmmyQ90CMcp482ptpGWoErW] Processed:  App\Jobs\DomainCheckJob
[2019-04-07 08:00:04][SMXH28YyzFnYthmTqqZLZ8GPbBQqn303] Processing: App\Jobs\DomainCheckJob
[2019-04-07 08:00:04][KgngK81I03V5kkTzKaqNN7nRoDnodjTi] Processing: App\Jobs\DomainCheckJob
[2019-04-07 08:00:04][XFJEJZffC37J9I5YnXkzjJ3stqCyTfPi] Processing: App\Jobs\DomainCheckJob
[2019-04-07 08:00:06][SMXH28YyzFnYthmTqqZLZ8GPbBQqn303] Processed:  App\Jobs\DomainCheckJob
[2019-04-07 08:00:06][KgngK81I03V5kkTzKaqNN7nRoDnodjTi] Processed:  App\Jobs\DomainCheckJob
[2019-04-07 08:00:08][XFJEJZffC37J9I5YnXkzjJ3stqCyTfPi] Processed:  App\Jobs\DomainCheckJob
[2019-04-07 08:10:04][U9CV7AGt8UPwVbo6cOBm46MoOEBK1Dx3] Processing: App\Jobs\DomainCheckJob
[2019-04-07 08:10:05][fPXRQNrd16zRSwdOxLkWi893yKvsE4MS] Processing: App\Jobs\DomainCheckJob
[2019-04-07 08:10:05][RTMKntTvznXoMRRuPOVjlEFZEVs9ZvPs] Processing: App\Jobs\DomainCheckJob
[2019-04-07 08:10:05][U9CV7AGt8UPwVbo6cOBm46MoOEBK1Dx3] Processed:  App\Jobs\DomainCheckJob
[2019-04-07 08:10:06][fPXRQNrd16zRSwdOxLkWi893yKvsE4MS] Processed:  App\Jobs\DomainCheckJob
[2019-04-07 08:10:06][RTMKntTvznXoMRRuPOVjlEFZEVs9ZvPs] Processed:  App\Jobs\DomainCheckJob
[2019-04-07 08:20:04][yH9NrGNJiGHnodFkKxjHEtIAkui7eMBk] Processing: App\Jobs\DomainCheckJob
[2019-04-07 08:20:04][IJmayVF3fmf45fHCGcSeL8qGpB4ZjYXY] Processing: App\Jobs\DomainCheckJob
[2019-04-07 08:20:04][w4sbEVL32zU76X5P2aketciyfJug0vdW] Processing: App\Jobs\DomainCheckJob
[2019-04-07 08:20:05][yH9NrGNJiGHnodFkKxjHEtIAkui7eMBk] Processed:  App\Jobs\DomainCheckJob
[2019-04-07 08:20:05][w4sbEVL32zU76X5P2aketciyfJug0vdW] Processed:  App\Jobs\DomainCheckJob
[2019-04-07 08:20:06][IJmayVF3fmf45fHCGcSeL8qGpB4ZjYXY] Processed:  App\Jobs\DomainCheckJob
[2019-04-07 08:30:06][jKeG2OOx6we0Z148g0ULeuK0WUpR79c7] Processing: App\Jobs\DomainCheckJob
[2019-04-07 08:30:06][vRvWNuYwseU5rvXgdBgM6eBdb9h17lBv] Processing: App\Jobs\DomainCheckJob
[2019-04-07 08:30:06][j8nxzwdKUxtJFTnSykLBnJjZSNtTzgTU] Processing: App\Jobs\DomainCheckJob
[2019-04-07 08:30:10][j8nxzwdKUxtJFTnSykLBnJjZSNtTzgTU] Processed:  App\Jobs\DomainCheckJob
[2019-04-07 08:30:11][vRvWNuYwseU5rvXgdBgM6eBdb9h17lBv] Processed:  App\Jobs\DomainCheckJob
[2019-04-07 08:30:12][jKeG2OOx6we0Z148g0ULeuK0WUpR79c7] Processed:  App\Jobs\DomainCheckJob
[2019-04-07 08:40:03][g6tuYFEPgPNNQlDlJues5OdS6iWnjXs7] Processing: App\Jobs\DomainCheckJob
[2019-04-07 08:40:03][LaVtQ4i29EyLxwmn3Nf6XrD6rtpGKBEb] Processing: App\Jobs\DomainCheckJob
[2019-04-07 08:40:03][gZEwZjAAt2htNTb3wRaerttaTwQrqmOU] Processing: App\Jobs\DomainCheckJob
[2019-04-07 08:40:04][g6tuYFEPgPNNQlDlJues5OdS6iWnjXs7] Processed:  App\Jobs\DomainCheckJob
[2019-04-07 08:40:04][gZEwZjAAt2htNTb3wRaerttaTwQrqmOU] Processed:  App\Jobs\DomainCheckJob
[2019-04-07 08:40:05][LaVtQ4i29EyLxwmn3Nf6XrD6rtpGKBEb] Processed:  App\Jobs\DomainCheckJob
[2019-04-07 08:50:03][msQ9OghRcASIcraQn0gBLN9idS87sY29] Processing: App\Jobs\DomainCheckJob
[2019-04-07 08:50:03][x8AX0yBhDqK0gd1yjAh70cJXYC8VNn9U] Processing: App\Jobs\DomainCheckJob
[2019-04-07 08:50:03][OloU0SAxu0QYDQy1DZ0Lre4yqkBPjFVb] Processing: App\Jobs\DomainCheckJob
[2019-04-07 08:50:04][OloU0SAxu0QYDQy1DZ0Lre4yqkBPjFVb] Processed:  App\Jobs\DomainCheckJob
[2019-04-07 08:50:04][msQ9OghRcASIcraQn0gBLN9idS87sY29] Processed:  App\Jobs\DomainCheckJob
[2019-04-07 08:50:04][x8AX0yBhDqK0gd1yjAh70cJXYC8VNn9U] Processed:  App\Jobs\DomainCheckJob
[2019-04-07 09:00:03][GYckXJAk3feaob2r8vLRFWUDymGXxz3C] Processing: App\Jobs\DomainCheckJob
[2019-04-07 09:00:03][hGwgHmzFO5e3gqdj2RTL8mquviudtEAI] Processing: App\Jobs\DomainCheckJob
[2019-04-07 09:00:03][5PTrCOA1ljNVQGghKEA6SvqVVFaIDYH9] Processing: App\Jobs\DomainCheckJob
[2019-04-07 09:00:05][hGwgHmzFO5e3gqdj2RTL8mquviudtEAI] Processed:  App\Jobs\DomainCheckJob
[2019-04-07 09:00:05][GYckXJAk3feaob2r8vLRFWUDymGXxz3C] Processed:  App\Jobs\DomainCheckJob
[2019-04-07 09:00:05][5PTrCOA1ljNVQGghKEA6SvqVVFaIDYH9] Processed:  App\Jobs\DomainCheckJob
[2019-04-07 09:10:04][R82t6O6NsfMNtZ7iYK1UGc59S4He8DjK] Processing: App\Jobs\DomainCheckJob
[2019-04-07 09:10:05][R82t6O6NsfMNtZ7iYK1UGc59S4He8DjK] Processed:  App\Jobs\DomainCheckJob
[2019-04-07 09:10:05][0U9eQbOM61f2TGjYor8JXlMjzz0FGVoE] Processing: App\Jobs\DomainCheckJob
[2019-04-07 09:10:06][0U9eQbOM61f2TGjYor8JXlMjzz0FGVoE] Processed:  App\Jobs\DomainCheckJob
[2019-04-07 09:10:06][XT1EoZwtpXF3t9ZtCOOn0iKkFngfzpds] Processing: App\Jobs\DomainCheckJob
[2019-04-07 09:10:07][XT1EoZwtpXF3t9ZtCOOn0iKkFngfzpds] Processed:  App\Jobs\DomainCheckJob
[2019-04-07 09:20:05][SUY901AbTclJX3VL4Igim4uNDSzriTxy] Processing: App\Jobs\DomainCheckJob
[2019-04-07 09:20:05][LO9IlkCvXchx9UR6jYR9T4DsCBhFpGCs] Processing: App\Jobs\DomainCheckJob
[2019-04-07 09:20:05][SUY901AbTclJX3VL4Igim4uNDSzriTxy] Processed:  App\Jobs\DomainCheckJob
[2019-04-07 09:20:05][Q9mMhPMijk1SO6LaThjYsIBlkOPRRGK2] Processing: App\Jobs\DomainCheckJob
[2019-04-07 09:20:06][Q9mMhPMijk1SO6LaThjYsIBlkOPRRGK2] Processed:  App\Jobs\DomainCheckJob
[2019-04-07 09:20:06][LO9IlkCvXchx9UR6jYR9T4DsCBhFpGCs] Processed:  App\Jobs\DomainCheckJob
[2019-04-07 09:30:04][qMVyhYUgQQJ7Oz2wkohCnNshLqG1qvQ6] Processing: App\Jobs\DomainCheckJob
[2019-04-07 09:30:05][qMVyhYUgQQJ7Oz2wkohCnNshLqG1qvQ6] Processed:  App\Jobs\DomainCheckJob
[2019-04-07 09:30:05][cvBMCkgz6cLsprj23WeD5zT8098a9P5a] Processing: App\Jobs\DomainCheckJob
[2019-04-07 09:30:05][ITCWjPAjQGTeY8MUyZzFaPWiMss9gCbE] Processing: App\Jobs\DomainCheckJob
[2019-04-07 09:30:05][cvBMCkgz6cLsprj23WeD5zT8098a9P5a] Processed:  App\Jobs\DomainCheckJob
[2019-04-07 09:30:06][ITCWjPAjQGTeY8MUyZzFaPWiMss9gCbE] Processed:  App\Jobs\DomainCheckJob
[2019-04-07 09:40:03][tlIZpRItyXz3e2vEFGmoucOP60P7DW6h] Processing: App\Jobs\DomainCheckJob
[2019-04-07 09:40:03][jTv673fqqWMj9e8X4NEDT599b6GY7pSb] Processing: App\Jobs\DomainCheckJob
[2019-04-07 09:40:04][6su3NqlJ29d00fwKIvuQbEUXkmxhHQ6i] Processing: App\Jobs\DomainCheckJob
[2019-04-07 09:40:04][tlIZpRItyXz3e2vEFGmoucOP60P7DW6h] Processed:  App\Jobs\DomainCheckJob
[2019-04-07 09:40:04][jTv673fqqWMj9e8X4NEDT599b6GY7pSb] Processed:  App\Jobs\DomainCheckJob
[2019-04-07 09:40:05][6su3NqlJ29d00fwKIvuQbEUXkmxhHQ6i] Processed:  App\Jobs\DomainCheckJob
[2019-04-07 09:50:04][SlPdC8ApWsgpusqqYC82RW6hw5gGgXNv] Processing: App\Jobs\DomainCheckJob
[2019-04-07 09:50:04][6FH0KpWGp3Fv58Xke15w45K9dZifZx5X] Processing: App\Jobs\DomainCheckJob
[2019-04-07 09:50:04][ustxMx2byv2YPB5OB3gmzYodO00aD5vy] Processing: App\Jobs\DomainCheckJob
[2019-04-07 09:50:04][SlPdC8ApWsgpusqqYC82RW6hw5gGgXNv] Processed:  App\Jobs\DomainCheckJob
[2019-04-07 09:50:04][6FH0KpWGp3Fv58Xke15w45K9dZifZx5X] Processed:  App\Jobs\DomainCheckJob
[2019-04-07 09:50:05][ustxMx2byv2YPB5OB3gmzYodO00aD5vy] Processed:  App\Jobs\DomainCheckJob
[2019-04-07 10:00:03][Nqc2cGClbu0CO4no0ThBPnzT6VVfMcxh] Processing: App\Jobs\DomainCheckJob
[2019-04-07 10:00:04][M5h5ITYm0dk81JOeNrGHYdQFMUk6eEdm] Processing: App\Jobs\DomainCheckJob
[2019-04-07 10:00:05][b5IKCANRRUdSLoPzZ5LzTrJXHUl5tX88] Processing: App\Jobs\DomainCheckJob
[2019-04-07 10:00:06][M5h5ITYm0dk81JOeNrGHYdQFMUk6eEdm] Processed:  App\Jobs\DomainCheckJob
[2019-04-07 10:00:07][Nqc2cGClbu0CO4no0ThBPnzT6VVfMcxh] Processed:  App\Jobs\DomainCheckJob
[2019-04-07 10:00:07][b5IKCANRRUdSLoPzZ5LzTrJXHUl5tX88] Processed:  App\Jobs\DomainCheckJob
[2019-04-07 10:10:05][c3lUfc1DLHWXHVc0yM06inFs6jbARn6J] Processing: App\Jobs\DomainCheckJob
[2019-04-07 10:10:05][HVjvS6jAEcXdtsGTU5ciHuaedTwqHGPg] Processing: App\Jobs\DomainCheckJob
[2019-04-07 10:10:05][HVjvS6jAEcXdtsGTU5ciHuaedTwqHGPg] Processed:  App\Jobs\DomainCheckJob
[2019-04-07 10:10:05][xLwguz7mbUIsZds2fyrJ51xe4XKrPHZ1] Processing: App\Jobs\DomainCheckJob
[2019-04-07 10:10:05][c3lUfc1DLHWXHVc0yM06inFs6jbARn6J] Processed:  App\Jobs\DomainCheckJob
[2019-04-07 10:10:07][xLwguz7mbUIsZds2fyrJ51xe4XKrPHZ1] Processed:  App\Jobs\DomainCheckJob
[2019-04-07 10:20:04][WD6HElncJs1y1TReoVWkPD48e758jhxJ] Processing: App\Jobs\DomainCheckJob
[2019-04-07 10:20:04][aDgwnXHsAoPatRuuqd0axCg4joIhAgVf] Processing: App\Jobs\DomainCheckJob
[2019-04-07 10:20:04][WD6HElncJs1y1TReoVWkPD48e758jhxJ] Processed:  App\Jobs\DomainCheckJob
[2019-04-07 10:20:04][uB2qE8zEseH5joW67RqpK0kX4XilY3im] Processing: App\Jobs\DomainCheckJob
[2019-04-07 10:20:05][uB2qE8zEseH5joW67RqpK0kX4XilY3im] Processed:  App\Jobs\DomainCheckJob
[2019-04-07 10:20:05][aDgwnXHsAoPatRuuqd0axCg4joIhAgVf] Processed:  App\Jobs\DomainCheckJob
[2019-04-07 10:30:03][d4P8apkPSdygyXdc4vPNazYRqxtG7qlo] Processing: App\Jobs\DomainCheckJob
[2019-04-07 10:30:04][uK91o4xqGdnLr1Mmtw6IJJEfvJ52TJjj] Processing: App\Jobs\DomainCheckJob
[2019-04-07 10:30:04][d4P8apkPSdygyXdc4vPNazYRqxtG7qlo] Processed:  App\Jobs\DomainCheckJob
[2019-04-07 10:30:04][LJpemAZ4jZma99Mn2L44a5VSucrCWsEb] Processing: App\Jobs\DomainCheckJob
[2019-04-07 10:30:05][uK91o4xqGdnLr1Mmtw6IJJEfvJ52TJjj] Processed:  App\Jobs\DomainCheckJob
[2019-04-07 10:30:06][LJpemAZ4jZma99Mn2L44a5VSucrCWsEb] Processed:  App\Jobs\DomainCheckJob
[2019-04-07 10:40:04][FTxAmE465FiA5aWGsu5PDmmBahW6SR4T] Processing: App\Jobs\DomainCheckJob
[2019-04-07 10:40:04][tzWrA2UyqqjwQbr7e5UqMdH1JkuDpzCH] Processing: App\Jobs\DomainCheckJob
[2019-04-07 10:40:05][FTxAmE465FiA5aWGsu5PDmmBahW6SR4T] Processed:  App\Jobs\DomainCheckJob
[2019-04-07 10:40:05][Ey5qzWQVsJhQW6OkwgKx3h5sH3u7qnoq] Processing: App\Jobs\DomainCheckJob
[2019-04-07 10:40:06][Ey5qzWQVsJhQW6OkwgKx3h5sH3u7qnoq] Processed:  App\Jobs\DomainCheckJob
[2019-04-07 10:40:06][tzWrA2UyqqjwQbr7e5UqMdH1JkuDpzCH] Processed:  App\Jobs\DomainCheckJob
[2019-04-07 10:50:04][LoZtMPGlcHc8DggPJM3xlhEcwRzkhdlj] Processing: App\Jobs\DomainCheckJob
[2019-04-07 10:50:04][s9OmRBMwAl4xqk4STbd9rA5qq8lPlea4] Processing: App\Jobs\DomainCheckJob
[2019-04-07 10:50:05][LoZtMPGlcHc8DggPJM3xlhEcwRzkhdlj] Processed:  App\Jobs\DomainCheckJob
[2019-04-07 10:50:05][rcOr5TbmvT98kMHX6AgFpUhdi48Bkgrx] Processing: App\Jobs\DomainCheckJob
[2019-04-07 10:50:05][s9OmRBMwAl4xqk4STbd9rA5qq8lPlea4] Processed:  App\Jobs\DomainCheckJob
[2019-04-07 10:50:06][rcOr5TbmvT98kMHX6AgFpUhdi48Bkgrx] Processed:  App\Jobs\DomainCheckJob
[2019-04-07 11:00:03][vT3AYfjcorWMWBzmaA8nRo5cTeFkc9Va] Processing: App\Jobs\DomainCheckJob
[2019-04-07 11:00:03][KXZeVnBqVCdBe7b35tNoxeRCMlZpjclv] Processing: App\Jobs\DomainCheckJob
[2019-04-07 11:00:05][KXZeVnBqVCdBe7b35tNoxeRCMlZpjclv] Processed:  App\Jobs\DomainCheckJob
[2019-04-07 11:00:05][RjXeDTii6JNnDZHuYq9qSidnSfqYlTyL] Processing: App\Jobs\DomainCheckJob
[2019-04-07 11:00:06][vT3AYfjcorWMWBzmaA8nRo5cTeFkc9Va] Processed:  App\Jobs\DomainCheckJob
[2019-04-07 11:00:06][RjXeDTii6JNnDZHuYq9qSidnSfqYlTyL] Processed:  App\Jobs\DomainCheckJob
[2019-04-07 11:10:04][nWYG0UR4Ow1m1m537iU8li5ysdMMsEvz] Processing: App\Jobs\DomainCheckJob
[2019-04-07 11:10:05][nWYG0UR4Ow1m1m537iU8li5ysdMMsEvz] Processed:  App\Jobs\DomainCheckJob
[2019-04-07 11:10:05][cb61UL64cDAyF8dJgPrCzborbdXaCQ6H] Processing: App\Jobs\DomainCheckJob
[2019-04-07 11:10:05][ju7Scl9q4MRRWqsKL1mcxAa7QQ7OuGI6] Processing: App\Jobs\DomainCheckJob
[2019-04-07 11:10:06][cb61UL64cDAyF8dJgPrCzborbdXaCQ6H] Processed:  App\Jobs\DomainCheckJob
[2019-04-07 11:10:06][ju7Scl9q4MRRWqsKL1mcxAa7QQ7OuGI6] Processed:  App\Jobs\DomainCheckJob
[2019-04-07 11:20:05][Z723lflb4QJfOylDRg9RTm6mQgnqFsgI] Processing: App\Jobs\DomainCheckJob
[2019-04-07 11:20:05][mtMCeG6VZRimZvEdvlQwMXvfleAefvQ5] Processing: App\Jobs\DomainCheckJob
[2019-04-07 11:20:06][Z723lflb4QJfOylDRg9RTm6mQgnqFsgI] Processed:  App\Jobs\DomainCheckJob
[2019-04-07 11:20:06][JuSYzzi1qvsIu5F8TD8GLCqDjhTXo7xF] Processing: App\Jobs\DomainCheckJob
[2019-04-07 11:20:06][JuSYzzi1qvsIu5F8TD8GLCqDjhTXo7xF] Processed:  App\Jobs\DomainCheckJob
[2019-04-07 11:20:07][mtMCeG6VZRimZvEdvlQwMXvfleAefvQ5] Processed:  App\Jobs\DomainCheckJob
[2019-04-07 11:30:03][SctKRjcejUGj1RNPir9zm53SvASRIzur] Processing: App\Jobs\DomainCheckJob
[2019-04-07 11:30:03][8yJX0pwzN1R9xSQUjpe00PwEWmrhWq3t] Processing: App\Jobs\DomainCheckJob
[2019-04-07 11:30:03][HJ3qoOUv81WkfwTYyYuP6ogpgsrpq4cM] Processing: App\Jobs\DomainCheckJob
[2019-04-07 11:30:05][HJ3qoOUv81WkfwTYyYuP6ogpgsrpq4cM] Processed:  App\Jobs\DomainCheckJob
[2019-04-07 11:30:05][SctKRjcejUGj1RNPir9zm53SvASRIzur] Processed:  App\Jobs\DomainCheckJob
[2019-04-07 11:30:05][8yJX0pwzN1R9xSQUjpe00PwEWmrhWq3t] Processed:  App\Jobs\DomainCheckJob
[2019-04-07 11:40:03][dbPnmADXZFxVvNi3BCuXKB5wjWRnNz3T] Processing: App\Jobs\DomainCheckJob
[2019-04-07 11:40:04][9tBQwQyxovkkdPVAxY1LH2HMv4LSGZ2f] Processing: App\Jobs\DomainCheckJob
[2019-04-07 11:40:05][muXUiSFU68N8N2KLuiMauF3UEtVzLbkp] Processing: App\Jobs\DomainCheckJob
[2019-04-07 11:40:05][dbPnmADXZFxVvNi3BCuXKB5wjWRnNz3T] Processed:  App\Jobs\DomainCheckJob
[2019-04-07 11:40:06][muXUiSFU68N8N2KLuiMauF3UEtVzLbkp] Processed:  App\Jobs\DomainCheckJob
[2019-04-07 11:40:07][9tBQwQyxovkkdPVAxY1LH2HMv4LSGZ2f] Processed:  App\Jobs\DomainCheckJob
[2019-04-07 23:50:05][iqujLEh9RfzoXKnFvLhm8LRzYEPbTKtq] Processing: App\Jobs\DomainCheckJob
[2019-04-07 23:50:05][iqujLEh9RfzoXKnFvLhm8LRzYEPbTKtq] Processed:  App\Jobs\DomainCheckJob
[2019-04-07 23:50:05][02FjPtdhBAH4uacRxh6N2PawtfpFpxEp] Processing: App\Jobs\DomainCheckJob
[2019-04-07 23:50:05][02FjPtdhBAH4uacRxh6N2PawtfpFpxEp] Processed:  App\Jobs\DomainCheckJob
[2019-04-07 23:50:05][rJCAsquMAZavVduZX6uZzGvbD19gtSMa] Processing: App\Jobs\DomainCheckJob
[2019-04-07 23:50:05][rJCAsquMAZavVduZX6uZzGvbD19gtSMa] Processed:  App\Jobs\DomainCheckJob
[2019-04-08 00:00:07][R71TOyiiXTTw0UJDf3AVzCrI9sWuzEFT] Processing: App\Jobs\DomainCheckJob
[2019-04-08 00:00:07][cJdAO5zQqY6BSUhOK09E7mInmbHSCitd] Processing: App\Jobs\DomainCheckJob
[2019-04-08 00:00:07][R71TOyiiXTTw0UJDf3AVzCrI9sWuzEFT] Processed:  App\Jobs\DomainCheckJob
[2019-04-08 00:00:07][cJdAO5zQqY6BSUhOK09E7mInmbHSCitd] Processed:  App\Jobs\DomainCheckJob
[2019-04-08 00:00:07][bOSXngZ40k5X3NiATZk0tHsBsdvzwiUW] Processing: App\Jobs\DomainCheckJob
[2019-04-08 00:00:07][bOSXngZ40k5X3NiATZk0tHsBsdvzwiUW] Processed:  App\Jobs\DomainCheckJob
[2019-04-08 00:10:03][X8VUHytNDI121skHOzsNDQNz8D8gwFG2] Processing: App\Jobs\DomainCheckJob
[2019-04-08 00:10:03][X8VUHytNDI121skHOzsNDQNz8D8gwFG2] Processed:  App\Jobs\DomainCheckJob
[2019-04-08 00:10:03][0AUz7YVmlLXNpVhYn52aDzqOhp5qhxiO] Processing: App\Jobs\DomainCheckJob
[2019-04-08 00:10:03][0AUz7YVmlLXNpVhYn52aDzqOhp5qhxiO] Processed:  App\Jobs\DomainCheckJob
[2019-04-08 00:10:03][1sPb4KI69Gzgf6foBTSZno9ji3BmnqjC] Processing: App\Jobs\DomainCheckJob
[2019-04-08 00:10:03][1sPb4KI69Gzgf6foBTSZno9ji3BmnqjC] Processed:  App\Jobs\DomainCheckJob
[2019-04-08 00:20:03][RaQOa99tgLVyK40C2s4oRdWHFLu63ElJ] Processing: App\Jobs\DomainCheckJob
[2019-04-08 00:20:03][RaQOa99tgLVyK40C2s4oRdWHFLu63ElJ] Processed:  App\Jobs\DomainCheckJob
[2019-04-08 00:20:04][t4Aqp4bfPFVB2qVgMjzlLHmq0HZRwgkO] Processing: App\Jobs\DomainCheckJob
[2019-04-08 00:20:04][t4Aqp4bfPFVB2qVgMjzlLHmq0HZRwgkO] Processed:  App\Jobs\DomainCheckJob
[2019-04-08 00:20:04][NvX4mvYJ8sJpfs9WoqaaNtppurhcyo7p] Processing: App\Jobs\DomainCheckJob
[2019-04-08 00:20:04][NvX4mvYJ8sJpfs9WoqaaNtppurhcyo7p] Processed:  App\Jobs\DomainCheckJob
[2019-04-08 00:30:04][A1lkXVgeNbyUio4C6eIhCM9YREXZ1nl1] Processing: App\Jobs\DomainCheckJob
[2019-04-08 00:30:04][A1lkXVgeNbyUio4C6eIhCM9YREXZ1nl1] Processed:  App\Jobs\DomainCheckJob
[2019-04-08 00:30:04][rQwLGN1tO7UNy9eV3LzPJM0xXs2BbpiO] Processing: App\Jobs\DomainCheckJob
[2019-04-08 00:30:04][rQwLGN1tO7UNy9eV3LzPJM0xXs2BbpiO] Processed:  App\Jobs\DomainCheckJob
[2019-04-08 00:30:04][6zT7CyyElP2SmR1GTvQPLOusGhcEFrXK] Processing: App\Jobs\DomainCheckJob
[2019-04-08 00:30:04][6zT7CyyElP2SmR1GTvQPLOusGhcEFrXK] Processed:  App\Jobs\DomainCheckJob
[2019-04-08 00:40:04][RONZbG0YoQ7dZaiXN4c3g8H5huARTeXk] Processing: App\Jobs\DomainCheckJob
[2019-04-08 00:40:04][ry51obmQVePPu2ddItCLMWThJ60oByiy] Processing: App\Jobs\DomainCheckJob
[2019-04-08 00:40:04][31ehtBd6aNRVpzf4hd2HTQb829MgjKPA] Processing: App\Jobs\DomainCheckJob
[2019-04-08 00:40:07][ry51obmQVePPu2ddItCLMWThJ60oByiy] Processed:  App\Jobs\DomainCheckJob
[2019-04-08 00:40:07][RONZbG0YoQ7dZaiXN4c3g8H5huARTeXk] Processed:  App\Jobs\DomainCheckJob
[2019-04-08 00:40:07][31ehtBd6aNRVpzf4hd2HTQb829MgjKPA] Processed:  App\Jobs\DomainCheckJob
[2019-04-08 13:20:04][RmelxCWYVA5oasxSW0ZNGltJif7uxG3b] Processing: App\Jobs\DomainCheckJob
[2019-04-08 13:20:05][JlnJi54rRhASWjh4yjZp1LgSXMh0T7Rn] Processing: App\Jobs\DomainCheckJob
[2019-04-08 13:20:05][aRcb998oAgiAdu0B2U0s6wLAX6JbXb3p] Processing: App\Jobs\DomainCheckJob
[2019-04-08 13:20:06][aRcb998oAgiAdu0B2U0s6wLAX6JbXb3p] Processed:  App\Jobs\DomainCheckJob
[2019-04-08 13:20:07][JlnJi54rRhASWjh4yjZp1LgSXMh0T7Rn] Processed:  App\Jobs\DomainCheckJob
[2019-04-08 13:20:09][RmelxCWYVA5oasxSW0ZNGltJif7uxG3b] Processed:  App\Jobs\DomainCheckJob
[2019-04-08 13:30:03][bODI2IxhlsnQKB9vZU3Gv27KsZxltMPz] Processing: App\Jobs\DomainCheckJob
[2019-04-08 13:30:03][dHa8bUluuHNiJ8d1EHh0ScJTKlcBut7D] Processing: App\Jobs\DomainCheckJob
[2019-04-08 13:30:04][XCJquNNVDhtphiTaa4ETraU0f3n8fEMz] Processing: App\Jobs\DomainCheckJob
[2019-04-08 13:30:05][bODI2IxhlsnQKB9vZU3Gv27KsZxltMPz] Processed:  App\Jobs\DomainCheckJob
[2019-04-08 13:30:05][dHa8bUluuHNiJ8d1EHh0ScJTKlcBut7D] Processed:  App\Jobs\DomainCheckJob
[2019-04-08 13:30:06][XCJquNNVDhtphiTaa4ETraU0f3n8fEMz] Processed:  App\Jobs\DomainCheckJob
[2019-04-08 13:40:04][q8Grj8qNN53IYvamMjeJwq1VgQUStJZw] Processing: App\Jobs\DomainCheckJob
[2019-04-08 13:40:04][6QnqUF1TjonQKiTtqOABp8IskxnJkjEz] Processing: App\Jobs\DomainCheckJob
[2019-04-08 13:40:04][q8Grj8qNN53IYvamMjeJwq1VgQUStJZw] Processed:  App\Jobs\DomainCheckJob
[2019-04-08 13:40:04][GkpKZ2TzaPYPMGMyuHtzD8D1wlQs4i89] Processing: App\Jobs\DomainCheckJob
[2019-04-08 13:40:05][6QnqUF1TjonQKiTtqOABp8IskxnJkjEz] Processed:  App\Jobs\DomainCheckJob
[2019-04-08 13:40:06][GkpKZ2TzaPYPMGMyuHtzD8D1wlQs4i89] Processed:  App\Jobs\DomainCheckJob
[2019-04-08 13:50:04][op0eJ5KStGjJyPV9t1FBhOAtpVyQjioJ] Processing: App\Jobs\DomainCheckJob
[2019-04-08 13:50:04][3WYs6RhfU61eEi9AigTzMEZGbX7UZf27] Processing: App\Jobs\DomainCheckJob
[2019-04-08 13:50:05][3WYs6RhfU61eEi9AigTzMEZGbX7UZf27] Processed:  App\Jobs\DomainCheckJob
[2019-04-08 13:50:05][ZW9IsdxvEL4SsHKjjQkigQy6VdaUC4gf] Processing: App\Jobs\DomainCheckJob
[2019-04-08 13:50:05][op0eJ5KStGjJyPV9t1FBhOAtpVyQjioJ] Processed:  App\Jobs\DomainCheckJob
[2019-04-08 13:50:05][ZW9IsdxvEL4SsHKjjQkigQy6VdaUC4gf] Processed:  App\Jobs\DomainCheckJob
[2019-04-08 14:00:04][5oNo0W1Z55i8kUK2Y3Geo4pqkfbsmOT7] Processing: App\Jobs\DomainCheckJob
[2019-04-08 14:00:04][fyeTzJIpJJg1LgEHsc4tBkBkP2ztn1ZV] Processing: App\Jobs\DomainCheckJob
[2019-04-08 14:00:04][WTXx8dOAGvID8bytg1v2DG7SiS6cvjk7] Processing: App\Jobs\DomainCheckJob
[2019-04-08 14:00:07][5oNo0W1Z55i8kUK2Y3Geo4pqkfbsmOT7] Processed:  App\Jobs\DomainCheckJob
[2019-04-08 14:00:07][fyeTzJIpJJg1LgEHsc4tBkBkP2ztn1ZV] Processed:  App\Jobs\DomainCheckJob
[2019-04-08 14:00:07][WTXx8dOAGvID8bytg1v2DG7SiS6cvjk7] Processed:  App\Jobs\DomainCheckJob
[2019-04-08 14:10:04][kJ1oqpeCK8YphNCimAmQAB1CuRkaVpwY] Processing: App\Jobs\DomainCheckJob
[2019-04-08 14:10:05][P2oVeBz7qOJ3OKZaBAWvAlnfnkekNH9k] Processing: App\Jobs\DomainCheckJob
[2019-04-08 14:10:05][kJ1oqpeCK8YphNCimAmQAB1CuRkaVpwY] Processed:  App\Jobs\DomainCheckJob
[2019-04-08 14:10:05][AgTKxcMBziGj6fQYt997ce0MYpov8369] Processing: App\Jobs\DomainCheckJob
[2019-04-08 14:10:06][P2oVeBz7qOJ3OKZaBAWvAlnfnkekNH9k] Processed:  App\Jobs\DomainCheckJob
[2019-04-08 14:10:06][AgTKxcMBziGj6fQYt997ce0MYpov8369] Processed:  App\Jobs\DomainCheckJob
[2019-04-08 14:20:03][RKXdfjUcURPgnI8GXwex93ZH1kOe29Rb] Processing: App\Jobs\DomainCheckJob
[2019-04-08 14:20:05][RKXdfjUcURPgnI8GXwex93ZH1kOe29Rb] Processed:  App\Jobs\DomainCheckJob
[2019-04-08 14:20:05][K8yh99XGhsESf9XXDuvew3Khtom8rnPa] Processing: App\Jobs\DomainCheckJob
[2019-04-08 14:20:05][K8yh99XGhsESf9XXDuvew3Khtom8rnPa] Processed:  App\Jobs\DomainCheckJob
[2019-04-08 14:20:05][LCBl7MK0NtluQcB9zgqXr6nACHC19zQ5] Processing: App\Jobs\DomainCheckJob
[2019-04-08 14:20:07][LCBl7MK0NtluQcB9zgqXr6nACHC19zQ5] Processed:  App\Jobs\DomainCheckJob
[2019-04-08 14:30:03][jgquDvAwOSW9I84pLYpJXzFPYEycMOh1] Processing: App\Jobs\DomainCheckJob
[2019-04-08 14:30:03][WmygYWciU5wk7JkiBcUXv1KYHYebLxVn] Processing: App\Jobs\DomainCheckJob
[2019-04-08 14:30:04][G6xaQ0bkLofARkXCHp2W0PcmrSzTXPxP] Processing: App\Jobs\DomainCheckJob
[2019-04-08 14:30:04][jgquDvAwOSW9I84pLYpJXzFPYEycMOh1] Processed:  App\Jobs\DomainCheckJob
[2019-04-08 14:30:04][G6xaQ0bkLofARkXCHp2W0PcmrSzTXPxP] Processed:  App\Jobs\DomainCheckJob
[2019-04-08 14:30:05][WmygYWciU5wk7JkiBcUXv1KYHYebLxVn] Processed:  App\Jobs\DomainCheckJob
[2019-04-09 13:20:05][IZcMQ9weQ0PW2JkTz8iP8A5W1P1mwFke] Processing: App\Jobs\DomainCheckJob
[2019-04-09 13:20:05][yEK2z1Gc9eg1fwlKKfDgfa0O6qgRClKH] Processing: App\Jobs\DomainCheckJob
[2019-04-09 13:20:08][74EP3K8vvRrpMKzf07IXBwR1CURlfwfy] Processing: App\Jobs\DomainCheckJob
[2019-04-09 13:20:09][yEK2z1Gc9eg1fwlKKfDgfa0O6qgRClKH] Processed:  App\Jobs\DomainCheckJob
[2019-04-09 13:20:09][IZcMQ9weQ0PW2JkTz8iP8A5W1P1mwFke] Processed:  App\Jobs\DomainCheckJob
[2019-04-09 13:20:10][74EP3K8vvRrpMKzf07IXBwR1CURlfwfy] Processed:  App\Jobs\DomainCheckJob
[2019-04-09 13:30:04][BIc6gFtU3GQGqKQJaeM4kHGYhDt27MEW] Processing: App\Jobs\DomainCheckJob
[2019-04-09 13:30:04][5o6rHQuYYotKEkYMoVWFZIFx7RdC3i29] Processing: App\Jobs\DomainCheckJob
[2019-04-09 13:30:04][xP51kZydanAVqgDAcIyoAQTMt9rGikR1] Processing: App\Jobs\DomainCheckJob
[2019-04-09 13:30:05][xP51kZydanAVqgDAcIyoAQTMt9rGikR1] Processed:  App\Jobs\DomainCheckJob
[2019-04-09 13:30:05][5o6rHQuYYotKEkYMoVWFZIFx7RdC3i29] Processed:  App\Jobs\DomainCheckJob
[2019-04-09 13:30:06][BIc6gFtU3GQGqKQJaeM4kHGYhDt27MEW] Processed:  App\Jobs\DomainCheckJob
[2019-04-09 13:40:04][wNt37FkZ9rhHXpkx9lJ655kXxaIPxjCP] Processing: App\Jobs\DomainCheckJob
[2019-04-09 13:40:04][CxvtGszVFKchahksAGWFNIKn4r34wX1f] Processing: App\Jobs\DomainCheckJob
[2019-04-09 13:40:05][CxvtGszVFKchahksAGWFNIKn4r34wX1f] Processed:  App\Jobs\DomainCheckJob
[2019-04-09 13:40:05][6cKNv98wGS5ZlNcQGY3Lg60A3GOOgKUF] Processing: App\Jobs\DomainCheckJob
[2019-04-09 13:40:05][wNt37FkZ9rhHXpkx9lJ655kXxaIPxjCP] Processed:  App\Jobs\DomainCheckJob
[2019-04-09 13:40:05][6cKNv98wGS5ZlNcQGY3Lg60A3GOOgKUF] Processed:  App\Jobs\DomainCheckJob
[2019-04-09 13:51:06][wNt37FkZ9rhHXpkx9lJ655kXxaIPxjCP] Processing: App\Jobs\DomainCheckJob
[2019-04-09 13:51:06][6cKNv98wGS5ZlNcQGY3Lg60A3GOOgKUF] Processing: App\Jobs\DomainCheckJob
[2019-04-09 13:51:06][CxvtGszVFKchahksAGWFNIKn4r34wX1f] Processing: App\Jobs\DomainCheckJob
[2019-04-09 13:51:07][6cKNv98wGS5ZlNcQGY3Lg60A3GOOgKUF] Processed:  App\Jobs\DomainCheckJob
[2019-04-09 13:51:07][CxvtGszVFKchahksAGWFNIKn4r34wX1f] Processed:  App\Jobs\DomainCheckJob
[2019-04-09 13:51:08][wNt37FkZ9rhHXpkx9lJ655kXxaIPxjCP] Processed:  App\Jobs\DomainCheckJob
[2019-04-09 14:00:04][A6OrUzwzbhGZaVVyMDC7SJCupSHc1dbP] Processing: App\Jobs\DomainCheckJob
[2019-04-09 14:00:05][GqGOREx5Ak74UUs41yryUV1qPSv7oGqs] Processing: App\Jobs\DomainCheckJob
[2019-04-09 14:00:05][E6XC1pogFdh9vWejcar81sMj4Izr85v5] Processing: App\Jobs\DomainCheckJob
[2019-04-09 14:00:07][A6OrUzwzbhGZaVVyMDC7SJCupSHc1dbP] Processed:  App\Jobs\DomainCheckJob
[2019-04-09 14:00:10][GqGOREx5Ak74UUs41yryUV1qPSv7oGqs] Processed:  App\Jobs\DomainCheckJob
[2019-04-09 14:00:10][E6XC1pogFdh9vWejcar81sMj4Izr85v5] Processed:  App\Jobs\DomainCheckJob
[2019-04-09 14:10:04][2l8BJc16AfZ4UQHsVltDR7rtgiCNXTce] Processing: App\Jobs\DomainCheckJob
[2019-04-09 14:10:04][nQf82BHZEZNVGjfxe48NLY3L4sjD8zaw] Processing: App\Jobs\DomainCheckJob
[2019-04-09 14:10:04][bMxil0UfjwBzxyZN5s99Xl3MWMMYs6zx] Processing: App\Jobs\DomainCheckJob
[2019-04-09 14:10:05][bMxil0UfjwBzxyZN5s99Xl3MWMMYs6zx] Processed:  App\Jobs\DomainCheckJob
[2019-04-09 14:10:05][2l8BJc16AfZ4UQHsVltDR7rtgiCNXTce] Processed:  App\Jobs\DomainCheckJob
[2019-04-09 14:10:06][nQf82BHZEZNVGjfxe48NLY3L4sjD8zaw] Processed:  App\Jobs\DomainCheckJob
[2019-04-09 14:20:03][ESOteeSpwPdyxp1ay8WrK0X1wBFNbsEM] Processing: App\Jobs\DomainCheckJob
[2019-04-09 14:20:03][lSOgcWHfqwSmuRuuFX8JoDa4QQezyVmZ] Processing: App\Jobs\DomainCheckJob
[2019-04-09 14:20:03][lb6qZLdhLlJ8a3kVf3pnC59gboa2SqEG] Processing: App\Jobs\DomainCheckJob
[2019-04-09 14:20:04][ESOteeSpwPdyxp1ay8WrK0X1wBFNbsEM] Processed:  App\Jobs\DomainCheckJob
[2019-04-09 14:20:04][lb6qZLdhLlJ8a3kVf3pnC59gboa2SqEG] Processed:  App\Jobs\DomainCheckJob
[2019-04-09 14:20:04][lSOgcWHfqwSmuRuuFX8JoDa4QQezyVmZ] Processed:  App\Jobs\DomainCheckJob
[2019-04-09 14:30:04][lg0xd8TylwuveelamRb4ZSjYAjnbcWdA] Processing: App\Jobs\DomainCheckJob
[2019-04-09 14:30:04][6Ad9xaZyuz0DU7gIKZyqAIZ1DaBb0ZWs] Processing: App\Jobs\DomainCheckJob
[2019-04-09 14:30:04][HYA0jMRN9umU8VcmY8uIAza2bACQUmFP] Processing: App\Jobs\DomainCheckJob
[2019-04-09 14:30:04][lg0xd8TylwuveelamRb4ZSjYAjnbcWdA] Processed:  App\Jobs\DomainCheckJob
[2019-04-09 14:30:04][6Ad9xaZyuz0DU7gIKZyqAIZ1DaBb0ZWs] Processed:  App\Jobs\DomainCheckJob
[2019-04-09 14:30:06][HYA0jMRN9umU8VcmY8uIAza2bACQUmFP] Processed:  App\Jobs\DomainCheckJob
[2019-04-09 14:40:03][wT530FKQC9kWS0swTkVz3kR9qsHBr7AY] Processing: App\Jobs\DomainCheckJob
[2019-04-09 14:40:03][SSZWAFunmPBDCuBw1U5658TM7Mfmh2oO] Processing: App\Jobs\DomainCheckJob
[2019-04-09 14:40:04][MpfqgH50VPriEv4KN6LCkynki12l2ic3] Processing: App\Jobs\DomainCheckJob
[2019-04-09 14:40:04][wT530FKQC9kWS0swTkVz3kR9qsHBr7AY] Processed:  App\Jobs\DomainCheckJob
[2019-04-09 14:40:04][MpfqgH50VPriEv4KN6LCkynki12l2ic3] Processed:  App\Jobs\DomainCheckJob
[2019-04-09 14:40:05][SSZWAFunmPBDCuBw1U5658TM7Mfmh2oO] Processed:  App\Jobs\DomainCheckJob
[2019-04-09 14:50:03][6jM1eMXmIcxFk0PWzTcc6kD1hFAjV8XO] Processing: App\Jobs\DomainCheckJob
[2019-04-09 14:50:03][AJoKVL7Jzj4sDPaRWqwKXqml0EijWExo] Processing: App\Jobs\DomainCheckJob
[2019-04-09 14:50:03][6qlCKbClqYOzLc8IrM3hBEq7IrAgUV0g] Processing: App\Jobs\DomainCheckJob
[2019-04-09 14:50:04][AJoKVL7Jzj4sDPaRWqwKXqml0EijWExo] Processed:  App\Jobs\DomainCheckJob
[2019-04-09 14:50:04][6jM1eMXmIcxFk0PWzTcc6kD1hFAjV8XO] Processed:  App\Jobs\DomainCheckJob
[2019-04-09 14:50:04][6qlCKbClqYOzLc8IrM3hBEq7IrAgUV0g] Processed:  App\Jobs\DomainCheckJob
[2019-04-09 15:00:04][QQaZutLvYybLEylyA2aelXHN59rNGjeg] Processing: App\Jobs\DomainCheckJob
[2019-04-09 15:00:04][8M89NXJ7blDGjrOgCPhIoqoCNjOUm4TB] Processing: App\Jobs\DomainCheckJob
[2019-04-09 15:00:04][x8p3cfw30iCYQq2jkvYZaox5eJxtfoVU] Processing: App\Jobs\DomainCheckJob
[2019-04-09 15:00:05][8M89NXJ7blDGjrOgCPhIoqoCNjOUm4TB] Processed:  App\Jobs\DomainCheckJob
[2019-04-09 15:00:06][x8p3cfw30iCYQq2jkvYZaox5eJxtfoVU] Processed:  App\Jobs\DomainCheckJob
[2019-04-09 15:00:09][QQaZutLvYybLEylyA2aelXHN59rNGjeg] Processed:  App\Jobs\DomainCheckJob
[2019-04-09 15:10:03][EZWyAdB0SQ5lkJ9qsvjq8cCWPgAkFMqF] Processing: App\Jobs\DomainCheckJob
[2019-04-09 15:10:03][wBiHq48M3jcXArlsFY1htWCjVDhoneeX] Processing: App\Jobs\DomainCheckJob
[2019-04-09 15:10:03][nGZ2vMMkFqKQ5ziU6gB8XuslKTZhhDdf] Processing: App\Jobs\DomainCheckJob
[2019-04-09 15:10:04][nGZ2vMMkFqKQ5ziU6gB8XuslKTZhhDdf] Processed:  App\Jobs\DomainCheckJob
[2019-04-09 15:10:04][EZWyAdB0SQ5lkJ9qsvjq8cCWPgAkFMqF] Processed:  App\Jobs\DomainCheckJob
[2019-04-09 15:10:05][wBiHq48M3jcXArlsFY1htWCjVDhoneeX] Processed:  App\Jobs\DomainCheckJob
[2019-04-09 15:20:03][v8EK2B5dCQpiZcFUR0hpmTTX56PeXYMz] Processing: App\Jobs\DomainCheckJob
[2019-04-09 15:20:03][4NwcA2g69MWHyyWkwlJ4FYQpVwBqEDtP] Processing: App\Jobs\DomainCheckJob
[2019-04-09 15:20:04][v8EK2B5dCQpiZcFUR0hpmTTX56PeXYMz] Processed:  App\Jobs\DomainCheckJob
[2019-04-09 15:20:04][ozW4kcW5vK5XP9dTDsKZIiN5uoWRNfi6] Processing: App\Jobs\DomainCheckJob
[2019-04-09 15:20:04][4NwcA2g69MWHyyWkwlJ4FYQpVwBqEDtP] Processed:  App\Jobs\DomainCheckJob
[2019-04-09 15:20:05][ozW4kcW5vK5XP9dTDsKZIiN5uoWRNfi6] Processed:  App\Jobs\DomainCheckJob
[2019-04-09 15:30:03][gGMNHXkSywC28eVoWWuemMoDYs1NZ4Kk] Processing: App\Jobs\DomainCheckJob
[2019-04-09 15:30:03][xkAvM40QBy9t2e3GfNFVNUqzZ8uDIUR1] Processing: App\Jobs\DomainCheckJob
[2019-04-09 15:30:04][gGMNHXkSywC28eVoWWuemMoDYs1NZ4Kk] Processed:  App\Jobs\DomainCheckJob
[2019-04-09 15:30:04][HpsVG3UxWAUmCKwoTRbIXNbzf1raB3zh] Processing: App\Jobs\DomainCheckJob
[2019-04-09 15:30:04][xkAvM40QBy9t2e3GfNFVNUqzZ8uDIUR1] Processed:  App\Jobs\DomainCheckJob
[2019-04-09 15:30:05][HpsVG3UxWAUmCKwoTRbIXNbzf1raB3zh] Processed:  App\Jobs\DomainCheckJob
[2019-04-09 15:40:04][pqbLAF8wtq8V5UBNraigsaZPXaNtrYOv] Processing: App\Jobs\DomainCheckJob
[2019-04-09 15:40:04][r1AH6Mb9nJfxvesxYxa5TWr8yNxl7QEW] Processing: App\Jobs\DomainCheckJob
[2019-04-09 15:40:04][pqbLAF8wtq8V5UBNraigsaZPXaNtrYOv] Processed:  App\Jobs\DomainCheckJob
[2019-04-09 15:40:04][Q6b5LVatuAlr1C2Sg3VNisfgOBwhtyTL] Processing: App\Jobs\DomainCheckJob
[2019-04-09 15:40:05][Q6b5LVatuAlr1C2Sg3VNisfgOBwhtyTL] Processed:  App\Jobs\DomainCheckJob
[2019-04-09 15:40:05][r1AH6Mb9nJfxvesxYxa5TWr8yNxl7QEW] Processed:  App\Jobs\DomainCheckJob
[2019-04-09 15:50:04][FvghUoV2YYPz91oa11AhPvw9t3jO8e7v] Processing: App\Jobs\DomainCheckJob
[2019-04-09 15:50:04][JX4vzeq5et4QGEdCl3diDL7t5cJM18O4] Processing: App\Jobs\DomainCheckJob
[2019-04-09 15:50:04][Bajv2HZGGW1N3cCNjbfMGU4koDgsFs6E] Processing: App\Jobs\DomainCheckJob
[2019-04-09 15:50:04][FvghUoV2YYPz91oa11AhPvw9t3jO8e7v] Processed:  App\Jobs\DomainCheckJob
[2019-04-09 15:50:05][Bajv2HZGGW1N3cCNjbfMGU4koDgsFs6E] Processed:  App\Jobs\DomainCheckJob
[2019-04-09 15:50:06][JX4vzeq5et4QGEdCl3diDL7t5cJM18O4] Processed:  App\Jobs\DomainCheckJob
[2019-04-09 16:00:04][4HXRRFQLDaYQ0d1pGuY8lZlothfil0Ra] Processing: App\Jobs\DomainCheckJob
[2019-04-09 16:00:04][dEKyGsh6DTq0xCipG6qNSSt4mqmhoZC9] Processing: App\Jobs\DomainCheckJob
[2019-04-09 16:00:04][2ohHKn1KKmoutAvuvNpvhw7jIaa12OOb] Processing: App\Jobs\DomainCheckJob
[2019-04-09 16:00:05][4HXRRFQLDaYQ0d1pGuY8lZlothfil0Ra] Processed:  App\Jobs\DomainCheckJob
[2019-04-09 16:00:06][2ohHKn1KKmoutAvuvNpvhw7jIaa12OOb] Processed:  App\Jobs\DomainCheckJob
[2019-04-09 16:00:06][dEKyGsh6DTq0xCipG6qNSSt4mqmhoZC9] Processed:  App\Jobs\DomainCheckJob
[2019-04-09 16:10:03][C3GTXcur9UTeVt9ewpXB7sJKnBGUzhwR] Processing: App\Jobs\DomainCheckJob
[2019-04-09 16:10:03][5IVFSC6ugrtrv5DFCzYSy6V4vtPzoCtB] Processing: App\Jobs\DomainCheckJob
[2019-04-09 16:10:04][K8ZyX3ZFislT1GyITPN1AJLAtz2LlJHG] Processing: App\Jobs\DomainCheckJob
[2019-04-09 16:10:04][C3GTXcur9UTeVt9ewpXB7sJKnBGUzhwR] Processed:  App\Jobs\DomainCheckJob
[2019-04-09 16:10:04][K8ZyX3ZFislT1GyITPN1AJLAtz2LlJHG] Processed:  App\Jobs\DomainCheckJob
[2019-04-09 16:10:05][5IVFSC6ugrtrv5DFCzYSy6V4vtPzoCtB] Processed:  App\Jobs\DomainCheckJob
[2019-04-09 16:20:03][IM759prjKL0hObL9rMbMnPWnJoqwOPVX] Processing: App\Jobs\DomainCheckJob
[2019-04-09 16:20:03][ZMDurfRgt0jWBqoIjpU7GgYwt93L1FnI] Processing: App\Jobs\DomainCheckJob
[2019-04-09 16:20:04][EFcVs89jLVqMYSFWIRcXrOHxvQPtCiSK] Processing: App\Jobs\DomainCheckJob
[2019-04-09 16:20:04][IM759prjKL0hObL9rMbMnPWnJoqwOPVX] Processed:  App\Jobs\DomainCheckJob
[2019-04-09 16:20:04][EFcVs89jLVqMYSFWIRcXrOHxvQPtCiSK] Processed:  App\Jobs\DomainCheckJob
[2019-04-09 16:20:05][ZMDurfRgt0jWBqoIjpU7GgYwt93L1FnI] Processed:  App\Jobs\DomainCheckJob
[2019-04-09 16:30:04][4NgGfasQ3Ed9PU7nfk9SUSNqOoGXYWkI] Processing: App\Jobs\DomainCheckJob
[2019-04-09 16:30:04][1OpdzTs5FJOEUdWpZ4cZ5Fb25oodQ346] Processing: App\Jobs\DomainCheckJob
[2019-04-09 16:30:05][1OpdzTs5FJOEUdWpZ4cZ5Fb25oodQ346] Processed:  App\Jobs\DomainCheckJob
[2019-04-09 16:30:05][YsmrIszT8VSQXqdTvdHWgiKIVdj2TlEq] Processing: App\Jobs\DomainCheckJob
[2019-04-09 16:30:05][4NgGfasQ3Ed9PU7nfk9SUSNqOoGXYWkI] Processed:  App\Jobs\DomainCheckJob
[2019-04-09 16:30:07][YsmrIszT8VSQXqdTvdHWgiKIVdj2TlEq] Processed:  App\Jobs\DomainCheckJob
[2019-04-09 16:40:05][ICexUifYTXRHGkwbZHwv4lU757kMaveW] Processing: App\Jobs\DomainCheckJob
[2019-04-09 16:40:05][ICexUifYTXRHGkwbZHwv4lU757kMaveW] Processed:  App\Jobs\DomainCheckJob
[2019-04-09 16:40:05][LOphycZuRf1Mp42N6U5iNGPcvcP0mi5T] Processing: App\Jobs\DomainCheckJob
[2019-04-09 16:40:06][TuV6jjTwpotgsnteqSNV9Sa8CdJ0cWhh] Processing: App\Jobs\DomainCheckJob
[2019-04-09 16:40:06][TuV6jjTwpotgsnteqSNV9Sa8CdJ0cWhh] Processed:  App\Jobs\DomainCheckJob
[2019-04-09 16:40:07][LOphycZuRf1Mp42N6U5iNGPcvcP0mi5T] Processed:  App\Jobs\DomainCheckJob
[2019-04-09 16:50:04][riA97UKAG5bWu6X2Vi0V2V1DUukwyujN] Processing: App\Jobs\DomainCheckJob
[2019-04-09 16:50:05][AYZCMCH4OxPMeyQperEDvI4G9Wsh2oZp] Processing: App\Jobs\DomainCheckJob
[2019-04-09 16:50:05][tSAqpZQOVgktQBmVUxci5BCo9Va2V4Y3] Processing: App\Jobs\DomainCheckJob
[2019-04-09 16:50:05][AYZCMCH4OxPMeyQperEDvI4G9Wsh2oZp] Processed:  App\Jobs\DomainCheckJob
[2019-04-09 16:50:05][tSAqpZQOVgktQBmVUxci5BCo9Va2V4Y3] Processed:  App\Jobs\DomainCheckJob
[2019-04-09 16:50:05][riA97UKAG5bWu6X2Vi0V2V1DUukwyujN] Processed:  App\Jobs\DomainCheckJob
[2019-04-09 17:00:04][achr7TxbDOLN1x814pcFtp9JqBqRdCkp] Processing: App\Jobs\DomainCheckJob
[2019-04-09 17:00:04][46dr2Z3U9JuEm6zgtQNjpub4Uu1gmy0c] Processing: App\Jobs\DomainCheckJob
[2019-04-09 17:00:05][FzyiOV2ifudXOBMdRd4BjyxY8VoCKNpM] Processing: App\Jobs\DomainCheckJob
[2019-04-09 17:00:05][achr7TxbDOLN1x814pcFtp9JqBqRdCkp] Processed:  App\Jobs\DomainCheckJob
[2019-04-09 17:00:05][FzyiOV2ifudXOBMdRd4BjyxY8VoCKNpM] Processed:  App\Jobs\DomainCheckJob
[2019-04-09 17:00:06][46dr2Z3U9JuEm6zgtQNjpub4Uu1gmy0c] Processed:  App\Jobs\DomainCheckJob
[2019-04-09 17:10:03][9rgNNdAUbh8BsYBsR03qGRdv70llRpCQ] Processing: App\Jobs\DomainCheckJob
[2019-04-09 17:10:03][GGs2Er7h4QkX23tYxqblSOEvr2O2OOxb] Processing: App\Jobs\DomainCheckJob
[2019-04-09 17:10:03][Qezg4VREGAKUkBnaklQZqnGBfMTEICDx] Processing: App\Jobs\DomainCheckJob
[2019-04-09 17:10:04][9rgNNdAUbh8BsYBsR03qGRdv70llRpCQ] Processed:  App\Jobs\DomainCheckJob
[2019-04-09 17:10:04][GGs2Er7h4QkX23tYxqblSOEvr2O2OOxb] Processed:  App\Jobs\DomainCheckJob
[2019-04-09 17:10:05][Qezg4VREGAKUkBnaklQZqnGBfMTEICDx] Processed:  App\Jobs\DomainCheckJob
[2019-04-09 17:20:05][qoPVrrTgr9qGSb2LYgERFlevnO3fNVrh] Processing: App\Jobs\DomainCheckJob
[2019-04-09 17:20:05][zN7IFj8LNNpwS50VBoTUen6FNMg3zHKC] Processing: App\Jobs\DomainCheckJob
[2019-04-09 17:20:06][qoPVrrTgr9qGSb2LYgERFlevnO3fNVrh] Processed:  App\Jobs\DomainCheckJob
[2019-04-09 17:20:06][M8G8ZcD0Gl8Q8INb7RwFzsTPaG7jShcc] Processing: App\Jobs\DomainCheckJob
[2019-04-09 17:20:06][zN7IFj8LNNpwS50VBoTUen6FNMg3zHKC] Processed:  App\Jobs\DomainCheckJob
[2019-04-09 17:20:07][M8G8ZcD0Gl8Q8INb7RwFzsTPaG7jShcc] Processed:  App\Jobs\DomainCheckJob
[2019-04-09 17:30:04][GQ5pLPjFLE4KXBC7OIQdO4RnNnMISy9K] Processing: App\Jobs\DomainCheckJob
[2019-04-09 17:30:04][psMyejiEQFnaBPKd8gUCBddQcuQoDByO] Processing: App\Jobs\DomainCheckJob
[2019-04-09 17:30:04][GQ5pLPjFLE4KXBC7OIQdO4RnNnMISy9K] Processed:  App\Jobs\DomainCheckJob
[2019-04-09 17:30:04][r0dOebT9VwPYvmrja7EBAtakzGxj7ANX] Processing: App\Jobs\DomainCheckJob
[2019-04-09 17:30:04][psMyejiEQFnaBPKd8gUCBddQcuQoDByO] Processed:  App\Jobs\DomainCheckJob
[2019-04-09 17:30:05][r0dOebT9VwPYvmrja7EBAtakzGxj7ANX] Processed:  App\Jobs\DomainCheckJob
[2019-04-09 17:40:03][MrGuMHuGEUJ1A1sYvFJfUdy9LlUNzc3V] Processing: App\Jobs\DomainCheckJob
[2019-04-09 17:40:03][PBNPcF8tESKFXhBc5yJWaL33AjGkBtrD] Processing: App\Jobs\DomainCheckJob
[2019-04-09 17:40:04][MrGuMHuGEUJ1A1sYvFJfUdy9LlUNzc3V] Processed:  App\Jobs\DomainCheckJob
[2019-04-09 17:40:04][g70euMkJpRbt6a6nc7zxNVy3JJVFFHzm] Processing: App\Jobs\DomainCheckJob
[2019-04-09 17:40:04][PBNPcF8tESKFXhBc5yJWaL33AjGkBtrD] Processed:  App\Jobs\DomainCheckJob
[2019-04-09 17:40:06][g70euMkJpRbt6a6nc7zxNVy3JJVFFHzm] Processed:  App\Jobs\DomainCheckJob
